\BOOKMARK [0][-]{chapter.1}{\376\377\000S\000o\000u\000r\000c\000e\000\040\000C\000o\000d\000e}{}% 1
\BOOKMARK [1][-]{section.1.1}{\376\377\000d\000a\000t\000a}{chapter.1}% 2
\BOOKMARK [2][-]{subsection.1.1.1}{\376\377\000a\000s\000s\000e\000t\000s\000.\000p\000y}{section.1.1}% 3
\BOOKMARK [2][-]{subsection.1.1.2}{\376\377\000c\000o\000n\000s\000t\000a\000n\000t\000s\000.\000p\000y}{section.1.1}% 4
\BOOKMARK [2][-]{subsection.1.1.3}{\376\377\000c\000o\000n\000t\000r\000o\000l\000.\000p\000y}{section.1.1}% 5
\BOOKMARK [2][-]{subsection.1.1.4}{\376\377\000l\000o\000a\000d\000i\000n\000g\000\137\000s\000c\000r\000e\000e\000n\000.\000p\000y}{section.1.1}% 6
\BOOKMARK [2][-]{subsection.1.1.5}{\376\377\000m\000a\000i\000n\000.\000p\000y}{section.1.1}% 7
\BOOKMARK [2][-]{subsection.1.1.6}{\376\377\000s\000e\000t\000u\000p\000.\000p\000y}{section.1.1}% 8
\BOOKMARK [2][-]{subsection.1.1.7}{\376\377\000w\000i\000n\000d\000o\000w\000s\000\137\000s\000e\000t\000u\000p\000.\000p\000y}{section.1.1}% 9
\BOOKMARK [2][-]{subsection.1.1.8}{\376\377\000\137\000\137\000i\000n\000i\000t\000\137\000\137\000.\000p\000y}{section.1.1}% 10
\BOOKMARK [1][-]{section.1.2}{\376\377\000d\000a\000t\000a\000\134\000a\000p\000p\000\137\000d\000a\000t\000a}{chapter.1}% 11
\BOOKMARK [2][-]{subsection.1.2.1}{\376\377\000d\000e\000f\000a\000u\000l\000t\000\137\000s\000e\000t\000t\000i\000n\000g\000s\000.\000j\000s\000o\000n}{section.1.2}% 12
\BOOKMARK [2][-]{subsection.1.2.2}{\376\377\000l\000o\000g\000s\000\137\000c\000o\000n\000f\000i\000g\000.\000j\000s\000o\000n}{section.1.2}% 13
\BOOKMARK [2][-]{subsection.1.2.3}{\376\377\000l\000o\000g\000s\000\137\000c\000o\000n\000f\000i\000g\000\137\000p\000r\000o\000d\000.\000j\000s\000o\000n}{section.1.2}% 14
\BOOKMARK [2][-]{subsection.1.2.4}{\376\377\000t\000h\000e\000m\000e\000s\000.\000j\000s\000o\000n}{section.1.2}% 15
\BOOKMARK [2][-]{subsection.1.2.5}{\376\377\000u\000s\000e\000r\000\137\000s\000e\000t\000t\000i\000n\000g\000s\000.\000j\000s\000o\000n}{section.1.2}% 16
\BOOKMARK [1][-]{section.1.3}{\376\377\000d\000a\000t\000a\000\134\000c\000o\000m\000p\000o\000n\000e\000n\000t\000s}{chapter.1}% 17
\BOOKMARK [2][-]{subsection.1.3.1}{\376\377\000c\000i\000r\000c\000u\000l\000a\000r\000\137\000l\000i\000n\000k\000e\000d\000\137\000l\000i\000s\000t\000.\000p\000y}{section.1.3}% 18
\BOOKMARK [2][-]{subsection.1.3.2}{\376\377\000c\000u\000r\000s\000o\000r\000.\000p\000y}{section.1.3}% 19
\BOOKMARK [2][-]{subsection.1.3.3}{\376\377\000c\000u\000s\000t\000o\000m\000\137\000e\000v\000e\000n\000t\000.\000p\000y}{section.1.3}% 20
\BOOKMARK [2][-]{subsection.1.3.4}{\376\377\000g\000a\000m\000e\000\137\000e\000n\000t\000r\000y\000.\000p\000y}{section.1.3}% 21
\BOOKMARK [2][-]{subsection.1.3.5}{\376\377\000w\000i\000d\000g\000e\000t\000\137\000g\000r\000o\000u\000p\000.\000p\000y}{section.1.3}% 22
\BOOKMARK [1][-]{section.1.4}{\376\377\000d\000a\000t\000a\000\134\000d\000a\000t\000a\000b\000a\000s\000e}{chapter.1}% 23
\BOOKMARK [1][-]{section.1.5}{\376\377\000d\000a\000t\000a\000\134\000d\000a\000t\000a\000b\000a\000s\000e\000\134\000m\000i\000g\000r\000a\000t\000i\000o\000n\000s}{chapter.1}% 24
\BOOKMARK [2][-]{subsection.1.5.1}{\376\377\000a\000d\000d\000\137\000c\000r\000e\000a\000t\000e\000d\000\137\000d\000t\000\137\000c\000o\000l\000u\000m\000n\0002\0007\0001\0001\0002\0000\0002\0004\000.\000p\000y}{section.1.5}% 25
\BOOKMARK [2][-]{subsection.1.5.2}{\376\377\000a\000d\000d\000\137\000f\000e\000n\000\137\000s\000t\000r\000i\000n\000g\000\137\000c\000o\000l\000u\000m\000n\000\137\0002\0002\0001\0001\0002\0000\0002\0004\000.\000p\000y}{section.1.5}% 26
\BOOKMARK [2][-]{subsection.1.5.3}{\376\377\000a\000d\000d\000\137\000s\000t\000a\000r\000t\000\137\000f\000e\000n\000\137\000s\000t\000r\000i\000n\000g\000\137\000c\000o\000l\000u\000m\000n\000\137\0002\0003\0001\0002\0002\0000\0002\0004\000.\000p\000y}{section.1.5}% 27
\BOOKMARK [2][-]{subsection.1.5.4}{\376\377\000c\000h\000a\000n\000g\000e\000\137\000f\000e\000n\000\137\000s\000t\000r\000i\000n\000g\000\137\000c\000o\000l\000u\000m\000n\000\137\000n\000a\000m\000e\000\137\0002\0003\0001\0002\0002\0000\0002\0004\000.\000p\000y}{section.1.5}% 28
\BOOKMARK [2][-]{subsection.1.5.5}{\376\377\000c\000r\000e\000a\000t\000e\000\137\000g\000a\000m\000e\000s\000\137\000t\000a\000b\000l\000e\000\137\0001\0009\0001\0001\0002\0000\0002\0004\000.\000p\000y}{section.1.5}% 29
\BOOKMARK [1][-]{section.1.6}{\376\377\000d\000a\000t\000a\000\134\000m\000a\000n\000a\000g\000e\000r\000s}{chapter.1}% 30
\BOOKMARK [2][-]{subsection.1.6.1}{\376\377\000a\000n\000i\000m\000a\000t\000i\000o\000n\000.\000p\000y}{section.1.6}% 31
\BOOKMARK [2][-]{subsection.1.6.2}{\376\377\000a\000u\000d\000i\000o\000.\000p\000y}{section.1.6}% 32
\BOOKMARK [2][-]{subsection.1.6.3}{\376\377\000c\000u\000r\000s\000o\000r\000.\000p\000y}{section.1.6}% 33
\BOOKMARK [2][-]{subsection.1.6.4}{\376\377\000l\000o\000g\000s\000.\000p\000y}{section.1.6}% 34
\BOOKMARK [2][-]{subsection.1.6.5}{\376\377\000s\000h\000a\000d\000e\000r\000.\000p\000y}{section.1.6}% 35
\BOOKMARK [2][-]{subsection.1.6.6}{\376\377\000t\000h\000e\000m\000e\000.\000p\000y}{section.1.6}% 36
\BOOKMARK [2][-]{subsection.1.6.7}{\376\377\000w\000i\000n\000d\000o\000w\000.\000p\000y}{section.1.6}% 37
\BOOKMARK [1][-]{section.1.7}{\376\377\000d\000a\000t\000a\000\134\000s\000h\000a\000d\000e\000r\000s}{chapter.1}% 38
\BOOKMARK [2][-]{subsection.1.7.1}{\376\377\000p\000r\000o\000t\000o\000c\000o\000l\000.\000p\000y}{section.1.7}% 39
\BOOKMARK [1][-]{section.1.8}{\376\377\000d\000a\000t\000a\000\134\000s\000h\000a\000d\000e\000r\000s\000\134\000c\000l\000a\000s\000s\000e\000s}{chapter.1}% 40
\BOOKMARK [2][-]{subsection.1.8.1}{\376\377\000b\000a\000s\000e\000.\000p\000y}{section.1.8}% 41
\BOOKMARK [2][-]{subsection.1.8.2}{\376\377\000b\000l\000e\000n\000d\000.\000p\000y}{section.1.8}% 42
\BOOKMARK [2][-]{subsection.1.8.3}{\376\377\000b\000l\000o\000o\000m\000.\000p\000y}{section.1.8}% 43
\BOOKMARK [2][-]{subsection.1.8.4}{\376\377\000b\000l\000u\000r\000.\000p\000y}{section.1.8}% 44
\BOOKMARK [2][-]{subsection.1.8.5}{\376\377\000c\000h\000r\000o\000m\000a\000t\000i\000c\000\137\000a\000b\000b\000r\000e\000v\000i\000a\000t\000i\000o\000n\000.\000p\000y}{section.1.8}% 45
\BOOKMARK [2][-]{subsection.1.8.6}{\376\377\000c\000r\000o\000p\000.\000p\000y}{section.1.8}% 46
\BOOKMARK [2][-]{subsection.1.8.7}{\376\377\000c\000r\000t\000.\000p\000y}{section.1.8}% 47
\BOOKMARK [2][-]{subsection.1.8.8}{\376\377\000g\000r\000a\000y\000s\000c\000a\000l\000e\000.\000p\000y}{section.1.8}% 48
\BOOKMARK [2][-]{subsection.1.8.9}{\376\377\000h\000i\000g\000h\000l\000i\000g\000h\000t\000\137\000b\000r\000i\000g\000h\000t\000n\000e\000s\000s\000.\000p\000y}{section.1.8}% 49
\BOOKMARK [2][-]{subsection.1.8.10}{\376\377\000h\000i\000g\000h\000l\000i\000g\000h\000t\000\137\000c\000o\000l\000o\000u\000r\000.\000p\000y}{section.1.8}% 50
\BOOKMARK [2][-]{subsection.1.8.11}{\376\377\000l\000i\000g\000h\000t\000m\000a\000p\000.\000p\000y}{section.1.8}% 51
\BOOKMARK [2][-]{subsection.1.8.12}{\376\377\000o\000c\000c\000l\000u\000s\000i\000o\000n\000.\000p\000y}{section.1.8}% 52
\BOOKMARK [2][-]{subsection.1.8.13}{\376\377\000r\000a\000y\000s\000.\000p\000y}{section.1.8}% 53
\BOOKMARK [2][-]{subsection.1.8.14}{\376\377\000s\000h\000a\000d\000o\000w\000m\000a\000p\000.\000p\000y}{section.1.8}% 54
\BOOKMARK [2][-]{subsection.1.8.15}{\376\377\000s\000h\000a\000k\000e\000.\000p\000y}{section.1.8}% 55
\BOOKMARK [2][-]{subsection.1.8.16}{\376\377\000\137\000\137\000i\000n\000i\000t\000\137\000\137\000.\000p\000y}{section.1.8}% 56
\BOOKMARK [1][-]{section.1.9}{\376\377\000d\000a\000t\000a\000\134\000s\000h\000a\000d\000e\000r\000s\000\134\000f\000r\000a\000g\000m\000e\000n\000t\000s}{chapter.1}% 57
\BOOKMARK [2][-]{subsection.1.9.1}{\376\377\000b\000a\000c\000k\000g\000r\000o\000u\000n\000d\000\137\000b\000a\000l\000a\000t\000r\000o\000.\000f\000r\000a\000g}{section.1.9}% 58
\BOOKMARK [2][-]{subsection.1.9.2}{\376\377\000b\000a\000c\000k\000g\000r\000o\000u\000n\000d\000\137\000g\000r\000a\000d\000i\000e\000n\000t\000.\000f\000r\000a\000g}{section.1.9}% 59
\BOOKMARK [2][-]{subsection.1.9.3}{\376\377\000b\000a\000c\000k\000g\000r\000o\000u\000n\000d\000\137\000l\000a\000s\000e\000r\000s\000.\000f\000r\000a\000g}{section.1.9}% 60
\BOOKMARK [2][-]{subsection.1.9.4}{\376\377\000b\000a\000c\000k\000g\000r\000o\000u\000n\000d\000\137\000n\000o\000n\000e\000.\000f\000r\000a\000g}{section.1.9}% 61
\BOOKMARK [2][-]{subsection.1.9.5}{\376\377\000b\000a\000c\000k\000g\000r\000o\000u\000n\000d\000\137\000w\000a\000v\000e\000s\000.\000f\000r\000a\000g}{section.1.9}% 62
\BOOKMARK [2][-]{subsection.1.9.6}{\376\377\000b\000a\000s\000e\000.\000f\000r\000a\000g}{section.1.9}% 63
\BOOKMARK [2][-]{subsection.1.9.7}{\376\377\000b\000l\000e\000n\000d\000.\000f\000r\000a\000g}{section.1.9}% 64
\BOOKMARK [2][-]{subsection.1.9.8}{\376\377\000b\000l\000o\000o\000m\000.\000f\000r\000a\000g}{section.1.9}% 65
\BOOKMARK [2][-]{subsection.1.9.9}{\376\377\000b\000l\000o\000o\000m\000\137\000o\000l\000d\000.\000f\000r\000a\000g}{section.1.9}% 66
\BOOKMARK [2][-]{subsection.1.9.10}{\376\377\000b\000l\000u\000r\000.\000f\000r\000a\000g}{section.1.9}% 67
\BOOKMARK [2][-]{subsection.1.9.11}{\376\377\000b\000o\000x\000\137\000b\000l\000u\000r\000.\000f\000r\000a\000g}{section.1.9}% 68
\BOOKMARK [2][-]{subsection.1.9.12}{\376\377\000c\000a\000l\000i\000b\000r\000a\000t\000e\000.\000f\000r\000a\000g}{section.1.9}% 69
\BOOKMARK [2][-]{subsection.1.9.13}{\376\377\000c\000h\000r\000o\000m\000a\000t\000i\000c\000\137\000a\000b\000b\000r\000e\000v\000i\000a\000t\000i\000o\000n\000.\000f\000r\000a\000g}{section.1.9}% 70
\BOOKMARK [2][-]{subsection.1.9.14}{\376\377\000c\000r\000o\000p\000.\000f\000r\000a\000g}{section.1.9}% 71
\BOOKMARK [2][-]{subsection.1.9.15}{\376\377\000c\000r\000t\000.\000f\000r\000a\000g}{section.1.9}% 72
\BOOKMARK [2][-]{subsection.1.9.16}{\376\377\000f\000l\000a\000s\000h\000l\000i\000g\000h\000t\000.\000f\000r\000a\000g}{section.1.9}% 73
\BOOKMARK [2][-]{subsection.1.9.17}{\376\377\000g\000r\000a\000y\000s\000c\000a\000l\000e\000.\000f\000r\000a\000g}{section.1.9}% 74
\BOOKMARK [2][-]{subsection.1.9.18}{\376\377\000h\000i\000g\000h\000l\000i\000g\000h\000t\000\137\000b\000r\000i\000g\000h\000t\000n\000e\000s\000s\000.\000f\000r\000a\000g}{section.1.9}% 75
\BOOKMARK [2][-]{subsection.1.9.19}{\376\377\000h\000i\000g\000h\000l\000i\000g\000h\000t\000\137\000c\000o\000l\000o\000u\000r\000.\000f\000r\000a\000g}{section.1.9}% 76
\BOOKMARK [2][-]{subsection.1.9.20}{\376\377\000l\000i\000g\000h\000t\000m\000a\000p\000.\000f\000r\000a\000g}{section.1.9}% 77
\BOOKMARK [2][-]{subsection.1.9.21}{\376\377\000o\000c\000c\000l\000u\000s\000i\000o\000n\000.\000f\000r\000a\000g}{section.1.9}% 78
\BOOKMARK [2][-]{subsection.1.9.22}{\376\377\000r\000a\000y\000s\000.\000f\000r\000a\000g}{section.1.9}% 79
\BOOKMARK [2][-]{subsection.1.9.23}{\376\377\000s\000h\000a\000d\000o\000w\000m\000a\000p\000.\000f\000r\000a\000g}{section.1.9}% 80
\BOOKMARK [2][-]{subsection.1.9.24}{\376\377\000s\000h\000a\000k\000e\000.\000f\000r\000a\000g}{section.1.9}% 81
\BOOKMARK [1][-]{section.1.10}{\376\377\000d\000a\000t\000a\000\134\000s\000h\000a\000d\000e\000r\000s\000\134\000v\000e\000r\000t\000e\000x}{chapter.1}% 82
\BOOKMARK [2][-]{subsection.1.10.1}{\376\377\000b\000a\000s\000e\000.\000v\000e\000r\000t}{section.1.10}% 83
\BOOKMARK [1][-]{section.1.11}{\376\377\000d\000a\000t\000a\000\134\000s\000t\000a\000t\000e\000s}{chapter.1}% 84
\BOOKMARK [2][-]{subsection.1.11.1}{\376\377\000\137\000\137\000i\000n\000i\000t\000\137\000\137\000.\000p\000y}{section.1.11}% 85
\BOOKMARK [1][-]{section.1.12}{\376\377\000d\000a\000t\000a\000\134\000s\000t\000a\000t\000e\000s\000\134\000b\000r\000o\000w\000s\000e\000r}{chapter.1}% 86
\BOOKMARK [2][-]{subsection.1.12.1}{\376\377\000b\000r\000o\000w\000s\000e\000r\000.\000p\000y}{section.1.12}% 87
\BOOKMARK [2][-]{subsection.1.12.2}{\376\377\000w\000i\000d\000g\000e\000t\000\137\000d\000i\000c\000t\000.\000p\000y}{section.1.12}% 88
\BOOKMARK [1][-]{section.1.13}{\376\377\000d\000a\000t\000a\000\134\000s\000t\000a\000t\000e\000s\000\134\000c\000o\000n\000f\000i\000g}{chapter.1}% 89
\BOOKMARK [2][-]{subsection.1.13.1}{\376\377\000c\000o\000n\000f\000i\000g\000.\000p\000y}{section.1.13}% 90
\BOOKMARK [2][-]{subsection.1.13.2}{\376\377\000d\000e\000f\000a\000u\000l\000t\000\137\000c\000o\000n\000f\000i\000g\000.\000p\000y}{section.1.13}% 91
\BOOKMARK [2][-]{subsection.1.13.3}{\376\377\000w\000i\000d\000g\000e\000t\000\137\000d\000i\000c\000t\000.\000p\000y}{section.1.13}% 92
\BOOKMARK [1][-]{section.1.14}{\376\377\000d\000a\000t\000a\000\134\000s\000t\000a\000t\000e\000s\000\134\000e\000d\000i\000t\000o\000r}{chapter.1}% 93
\BOOKMARK [2][-]{subsection.1.14.1}{\376\377\000e\000d\000i\000t\000o\000r\000.\000p\000y}{section.1.14}% 94
\BOOKMARK [2][-]{subsection.1.14.2}{\376\377\000w\000i\000d\000g\000e\000t\000\137\000d\000i\000c\000t\000.\000p\000y}{section.1.14}% 95
\BOOKMARK [1][-]{section.1.15}{\376\377\000d\000a\000t\000a\000\134\000s\000t\000a\000t\000e\000s\000\134\000g\000a\000m\000e}{chapter.1}% 96
\BOOKMARK [2][-]{subsection.1.15.1}{\376\377\000g\000a\000m\000e\000.\000p\000y}{section.1.15}% 97
\BOOKMARK [2][-]{subsection.1.15.2}{\376\377\000w\000i\000d\000g\000e\000t\000\137\000d\000i\000c\000t\000.\000p\000y}{section.1.15}% 98
\BOOKMARK [1][-]{section.1.16}{\376\377\000d\000a\000t\000a\000\134\000s\000t\000a\000t\000e\000s\000\134\000g\000a\000m\000e\000\134\000c\000o\000m\000p\000o\000n\000e\000n\000t\000s}{chapter.1}% 99
\BOOKMARK [2][-]{subsection.1.16.1}{\376\377\000b\000i\000t\000b\000o\000a\000r\000d\000\137\000c\000o\000l\000l\000e\000c\000t\000i\000o\000n\000.\000p\000y}{section.1.16}% 100
\BOOKMARK [2][-]{subsection.1.16.2}{\376\377\000b\000o\000a\000r\000d\000.\000p\000y}{section.1.16}% 101
\BOOKMARK [2][-]{subsection.1.16.3}{\376\377\000c\000a\000p\000t\000u\000r\000e\000\137\000d\000r\000a\000w\000.\000p\000y}{section.1.16}% 102
\BOOKMARK [2][-]{subsection.1.16.4}{\376\377\000f\000a\000t\000h\000e\000r\000.\000p\000y}{section.1.16}% 103
\BOOKMARK [2][-]{subsection.1.16.5}{\376\377\000f\000e\000n\000\137\000p\000a\000r\000s\000e\000r\000.\000p\000y}{section.1.16}% 104
\BOOKMARK [2][-]{subsection.1.16.6}{\376\377\000l\000a\000s\000e\000r\000.\000p\000y}{section.1.16}% 105
\BOOKMARK [2][-]{subsection.1.16.7}{\376\377\000l\000a\000s\000e\000r\000\137\000d\000r\000a\000w\000.\000p\000y}{section.1.16}% 106
\BOOKMARK [2][-]{subsection.1.16.8}{\376\377\000m\000o\000v\000e\000.\000p\000y}{section.1.16}% 107
\BOOKMARK [2][-]{subsection.1.16.9}{\376\377\000o\000v\000e\000r\000l\000a\000y\000\137\000d\000r\000a\000w\000.\000p\000y}{section.1.16}% 108
\BOOKMARK [2][-]{subsection.1.16.10}{\376\377\000p\000a\000r\000t\000i\000c\000l\000e\000s\000\137\000d\000r\000a\000w\000.\000p\000y}{section.1.16}% 109
\BOOKMARK [2][-]{subsection.1.16.11}{\376\377\000p\000i\000e\000c\000e\000\137\000g\000r\000o\000u\000p\000.\000p\000y}{section.1.16}% 110
\BOOKMARK [2][-]{subsection.1.16.12}{\376\377\000p\000i\000e\000c\000e\000\137\000s\000p\000r\000i\000t\000e\000.\000p\000y}{section.1.16}% 111
\BOOKMARK [2][-]{subsection.1.16.13}{\376\377\000p\000s\000q\000t\000.\000p\000y}{section.1.16}% 112
\BOOKMARK [1][-]{section.1.17}{\376\377\000d\000a\000t\000a\000\134\000s\000t\000a\000t\000e\000s\000\134\000g\000a\000m\000e\000\134\000c\000p\000u}{chapter.1}% 113
\BOOKMARK [2][-]{subsection.1.17.1}{\376\377\000a\000r\000e\000n\000a\000.\000p\000y}{section.1.17}% 114
\BOOKMARK [2][-]{subsection.1.17.2}{\376\377\000b\000a\000s\000e\000.\000p\000y}{section.1.17}% 115
\BOOKMARK [2][-]{subsection.1.17.3}{\376\377\000c\000p\000u\000\137\000t\000h\000r\000e\000a\000d\000.\000p\000y}{section.1.17}% 116
\BOOKMARK [2][-]{subsection.1.17.4}{\376\377\000e\000v\000a\000l\000u\000a\000t\000o\000r\000.\000p\000y}{section.1.17}% 117
\BOOKMARK [2][-]{subsection.1.17.5}{\376\377\000m\000o\000v\000e\000\137\000o\000r\000d\000e\000r\000e\000r\000.\000p\000y}{section.1.17}% 118
\BOOKMARK [2][-]{subsection.1.17.6}{\376\377\000t\000e\000m\000p\000.\000p\000y}{section.1.17}% 119
\BOOKMARK [2][-]{subsection.1.17.7}{\376\377\000t\000r\000a\000n\000s\000p\000o\000s\000i\000t\000i\000o\000n\000\137\000t\000a\000b\000l\000e\000.\000p\000y}{section.1.17}% 120
\BOOKMARK [2][-]{subsection.1.17.8}{\376\377\000z\000o\000b\000r\000i\000s\000t\000\137\000h\000a\000s\000h\000e\000r\000.\000p\000y}{section.1.17}% 121
\BOOKMARK [1][-]{section.1.18}{\376\377\000d\000a\000t\000a\000\134\000s\000t\000a\000t\000e\000s\000\134\000g\000a\000m\000e\000\134\000c\000p\000u\000\134\000e\000n\000g\000i\000n\000e\000s}{chapter.1}% 122
\BOOKMARK [2][-]{subsection.1.18.1}{\376\377\000a\000l\000p\000h\000a\000\137\000b\000e\000t\000a\000.\000p\000y}{section.1.18}% 123
\BOOKMARK [2][-]{subsection.1.18.2}{\376\377\000i\000t\000e\000r\000a\000t\000i\000v\000e\000\137\000d\000e\000e\000p\000e\000n\000i\000n\000g\000.\000p\000y}{section.1.18}% 124
\BOOKMARK [2][-]{subsection.1.18.3}{\376\377\000m\000i\000n\000i\000m\000a\000x\000.\000p\000y}{section.1.18}% 125
\BOOKMARK [2][-]{subsection.1.18.4}{\376\377\000n\000e\000g\000a\000m\000a\000x\000.\000p\000y}{section.1.18}% 126
\BOOKMARK [2][-]{subsection.1.18.5}{\376\377\000s\000i\000m\000p\000l\000e\000.\000p\000y}{section.1.18}% 127
\BOOKMARK [2][-]{subsection.1.18.6}{\376\377\000t\000r\000a\000n\000s\000p\000o\000s\000i\000t\000i\000o\000n\000\137\000t\000a\000b\000l\000e\000.\000p\000y}{section.1.18}% 128
\BOOKMARK [2][-]{subsection.1.18.7}{\376\377\000\137\000\137\000i\000n\000i\000t\000\137\000\137\000.\000p\000y}{section.1.18}% 129
\BOOKMARK [1][-]{section.1.19}{\376\377\000d\000a\000t\000a\000\134\000s\000t\000a\000t\000e\000s\000\134\000g\000a\000m\000e\000\134\000m\000v\000c}{chapter.1}% 130
\BOOKMARK [2][-]{subsection.1.19.1}{\376\377\000g\000a\000m\000e\000\137\000c\000o\000n\000t\000r\000o\000l\000l\000e\000r\000.\000p\000y}{section.1.19}% 131
\BOOKMARK [2][-]{subsection.1.19.2}{\376\377\000g\000a\000m\000e\000\137\000m\000o\000d\000e\000l\000.\000p\000y}{section.1.19}% 132
\BOOKMARK [2][-]{subsection.1.19.3}{\376\377\000g\000a\000m\000e\000\137\000v\000i\000e\000w\000.\000p\000y}{section.1.19}% 133
\BOOKMARK [2][-]{subsection.1.19.4}{\376\377\000p\000a\000u\000s\000e\000\137\000v\000i\000e\000w\000.\000p\000y}{section.1.19}% 134
\BOOKMARK [2][-]{subsection.1.19.5}{\376\377\000w\000i\000n\000\137\000v\000i\000e\000w\000.\000p\000y}{section.1.19}% 135
\BOOKMARK [1][-]{section.1.20}{\376\377\000d\000a\000t\000a\000\134\000s\000t\000a\000t\000e\000s\000\134\000m\000e\000n\000u}{chapter.1}% 136
\BOOKMARK [2][-]{subsection.1.20.1}{\376\377\000m\000e\000n\000u\000.\000p\000y}{section.1.20}% 137
\BOOKMARK [2][-]{subsection.1.20.2}{\376\377\000w\000i\000d\000g\000e\000t\000\137\000d\000i\000c\000t\000.\000p\000y}{section.1.20}% 138
\BOOKMARK [1][-]{section.1.21}{\376\377\000d\000a\000t\000a\000\134\000s\000t\000a\000t\000e\000s\000\134\000r\000e\000v\000i\000e\000w}{chapter.1}% 139
\BOOKMARK [2][-]{subsection.1.21.1}{\376\377\000r\000e\000v\000i\000e\000w\000.\000p\000y}{section.1.21}% 140
\BOOKMARK [2][-]{subsection.1.21.2}{\376\377\000w\000i\000d\000g\000e\000t\000\137\000d\000i\000c\000t\000.\000p\000y}{section.1.21}% 141
\BOOKMARK [1][-]{section.1.22}{\376\377\000d\000a\000t\000a\000\134\000s\000t\000a\000t\000e\000s\000\134\000s\000e\000t\000t\000i\000n\000g\000s}{chapter.1}% 142
\BOOKMARK [2][-]{subsection.1.22.1}{\376\377\000s\000e\000t\000t\000i\000n\000g\000s\000.\000p\000y}{section.1.22}% 143
\BOOKMARK [2][-]{subsection.1.22.2}{\376\377\000w\000i\000d\000g\000e\000t\000\137\000d\000i\000c\000t\000.\000p\000y}{section.1.22}% 144
\BOOKMARK [1][-]{section.1.23}{\376\377\000d\000a\000t\000a\000\134\000u\000t\000i\000l\000s}{chapter.1}% 145
\BOOKMARK [2][-]{subsection.1.23.1}{\376\377\000a\000s\000s\000e\000t\000\137\000h\000e\000l\000p\000e\000r\000s\000.\000p\000y}{section.1.23}% 146
\BOOKMARK [2][-]{subsection.1.23.2}{\376\377\000b\000i\000t\000b\000o\000a\000r\000d\000\137\000h\000e\000l\000p\000e\000r\000s\000.\000p\000y}{section.1.23}% 147
\BOOKMARK [2][-]{subsection.1.23.3}{\376\377\000b\000o\000a\000r\000d\000\137\000h\000e\000l\000p\000e\000r\000s\000.\000p\000y}{section.1.23}% 148
\BOOKMARK [2][-]{subsection.1.23.4}{\376\377\000b\000r\000o\000w\000s\000e\000r\000\137\000h\000e\000l\000p\000e\000r\000s\000.\000p\000y}{section.1.23}% 149
\BOOKMARK [2][-]{subsection.1.23.5}{\376\377\000d\000a\000t\000a\000b\000a\000s\000e\000\137\000h\000e\000l\000p\000e\000r\000s\000.\000p\000y}{section.1.23}% 150
\BOOKMARK [2][-]{subsection.1.23.6}{\376\377\000d\000a\000t\000a\000\137\000h\000e\000l\000p\000e\000r\000s\000.\000p\000y}{section.1.23}% 151
\BOOKMARK [2][-]{subsection.1.23.7}{\376\377\000f\000o\000n\000t\000\137\000h\000e\000l\000p\000e\000r\000s\000.\000p\000y}{section.1.23}% 152
\BOOKMARK [2][-]{subsection.1.23.8}{\376\377\000i\000n\000p\000u\000t\000\137\000h\000e\000l\000p\000e\000r\000s\000.\000p\000y}{section.1.23}% 153
\BOOKMARK [2][-]{subsection.1.23.9}{\376\377\000l\000o\000a\000d\000\137\000h\000e\000l\000p\000e\000r\000s\000.\000p\000y}{section.1.23}% 154
\BOOKMARK [2][-]{subsection.1.23.10}{\376\377\000w\000i\000d\000g\000e\000t\000\137\000h\000e\000l\000p\000e\000r\000s\000.\000p\000y}{section.1.23}% 155
\BOOKMARK [1][-]{section.1.24}{\376\377\000d\000a\000t\000a\000\134\000w\000i\000d\000g\000e\000t\000s}{chapter.1}% 156
\BOOKMARK [2][-]{subsection.1.24.1}{\376\377\000b\000o\000a\000r\000d\000\137\000t\000h\000u\000m\000b\000n\000a\000i\000l\000.\000p\000y}{section.1.24}% 157
\BOOKMARK [2][-]{subsection.1.24.2}{\376\377\000b\000o\000a\000r\000d\000\137\000t\000h\000u\000m\000b\000n\000a\000i\000l\000\137\000b\000u\000t\000t\000o\000n\000.\000p\000y}{section.1.24}% 158
\BOOKMARK [2][-]{subsection.1.24.3}{\376\377\000b\000r\000o\000w\000s\000e\000r\000\137\000i\000t\000e\000m\000.\000p\000y}{section.1.24}% 159
\BOOKMARK [2][-]{subsection.1.24.4}{\376\377\000b\000r\000o\000w\000s\000e\000r\000\137\000s\000t\000r\000i\000p\000.\000p\000y}{section.1.24}% 160
\BOOKMARK [2][-]{subsection.1.24.5}{\376\377\000c\000a\000r\000o\000u\000s\000e\000l\000.\000p\000y}{section.1.24}% 161
\BOOKMARK [2][-]{subsection.1.24.6}{\376\377\000c\000h\000e\000s\000s\000b\000o\000a\000r\000d\000.\000p\000y}{section.1.24}% 162
\BOOKMARK [2][-]{subsection.1.24.7}{\376\377\000c\000o\000l\000o\000u\000r\000\137\000b\000u\000t\000t\000o\000n\000.\000p\000y}{section.1.24}% 163
\BOOKMARK [2][-]{subsection.1.24.8}{\376\377\000c\000o\000l\000o\000u\000r\000\137\000d\000i\000s\000p\000l\000a\000y\000.\000p\000y}{section.1.24}% 164
\BOOKMARK [2][-]{subsection.1.24.9}{\376\377\000c\000o\000l\000o\000u\000r\000\137\000p\000i\000c\000k\000e\000r\000.\000p\000y}{section.1.24}% 165
\BOOKMARK [2][-]{subsection.1.24.10}{\376\377\000c\000o\000l\000o\000u\000r\000\137\000s\000l\000i\000d\000e\000r\000.\000p\000y}{section.1.24}% 166
\BOOKMARK [2][-]{subsection.1.24.11}{\376\377\000c\000o\000l\000o\000u\000r\000\137\000s\000q\000u\000a\000r\000e\000.\000p\000y}{section.1.24}% 167
\BOOKMARK [2][-]{subsection.1.24.12}{\376\377\000d\000r\000o\000p\000d\000o\000w\000n\000.\000p\000y}{section.1.24}% 168
\BOOKMARK [2][-]{subsection.1.24.13}{\376\377\000i\000c\000o\000n\000.\000p\000y}{section.1.24}% 169
\BOOKMARK [2][-]{subsection.1.24.14}{\376\377\000i\000c\000o\000n\000\137\000b\000u\000t\000t\000o\000n\000.\000p\000y}{section.1.24}% 170
\BOOKMARK [2][-]{subsection.1.24.15}{\376\377\000m\000o\000v\000e\000\137\000l\000i\000s\000t\000.\000p\000y}{section.1.24}% 171
\BOOKMARK [2][-]{subsection.1.24.16}{\376\377\000m\000u\000l\000t\000i\000p\000l\000e\000\137\000i\000c\000o\000n\000\137\000b\000u\000t\000t\000o\000n\000.\000p\000y}{section.1.24}% 172
\BOOKMARK [2][-]{subsection.1.24.17}{\376\377\000p\000i\000e\000c\000e\000\137\000d\000i\000s\000p\000l\000a\000y\000.\000p\000y}{section.1.24}% 173
\BOOKMARK [2][-]{subsection.1.24.18}{\376\377\000r\000e\000a\000c\000t\000i\000v\000e\000\137\000b\000u\000t\000t\000o\000n\000.\000p\000y}{section.1.24}% 174
\BOOKMARK [2][-]{subsection.1.24.19}{\376\377\000r\000e\000a\000c\000t\000i\000v\000e\000\137\000i\000c\000o\000n\000\137\000b\000u\000t\000t\000o\000n\000.\000p\000y}{section.1.24}% 175
\BOOKMARK [2][-]{subsection.1.24.20}{\376\377\000r\000e\000c\000t\000a\000n\000g\000l\000e\000.\000p\000y}{section.1.24}% 176
\BOOKMARK [2][-]{subsection.1.24.21}{\376\377\000s\000c\000r\000o\000l\000l\000b\000a\000r\000.\000p\000y}{section.1.24}% 177
\BOOKMARK [2][-]{subsection.1.24.22}{\376\377\000s\000c\000r\000o\000l\000l\000\137\000a\000r\000e\000a\000.\000p\000y}{section.1.24}% 178
\BOOKMARK [2][-]{subsection.1.24.23}{\376\377\000s\000l\000i\000d\000e\000r\000\137\000t\000h\000u\000m\000b\000.\000p\000y}{section.1.24}% 179
\BOOKMARK [2][-]{subsection.1.24.24}{\376\377\000s\000w\000i\000t\000c\000h\000.\000p\000y}{section.1.24}% 180
\BOOKMARK [2][-]{subsection.1.24.25}{\376\377\000t\000e\000x\000t\000.\000p\000y}{section.1.24}% 181
\BOOKMARK [2][-]{subsection.1.24.26}{\376\377\000t\000e\000x\000t\000\137\000b\000u\000t\000t\000o\000n\000.\000p\000y}{section.1.24}% 182
\BOOKMARK [2][-]{subsection.1.24.27}{\376\377\000t\000e\000x\000t\000\137\000i\000n\000p\000u\000t\000.\000p\000y}{section.1.24}% 183
\BOOKMARK [2][-]{subsection.1.24.28}{\376\377\000t\000i\000m\000e\000r\000.\000p\000y}{section.1.24}% 184
\BOOKMARK [2][-]{subsection.1.24.29}{\376\377\000v\000o\000l\000u\000m\000e\000\137\000s\000l\000i\000d\000e\000r\000.\000p\000y}{section.1.24}% 185
\BOOKMARK [2][-]{subsection.1.24.30}{\376\377\000\137\000\137\000i\000n\000i\000t\000\137\000\137\000.\000p\000y}{section.1.24}% 186
\BOOKMARK [1][-]{section.1.25}{\376\377\000d\000a\000t\000a\000\134\000w\000i\000d\000g\000e\000t\000s\000\134\000b\000a\000s\000e\000s}{chapter.1}% 187
\BOOKMARK [2][-]{subsection.1.25.1}{\376\377\000b\000o\000x\000.\000p\000y}{section.1.25}% 188
\BOOKMARK [2][-]{subsection.1.25.2}{\376\377\000c\000i\000r\000c\000u\000l\000a\000r\000.\000p\000y}{section.1.25}% 189
\BOOKMARK [2][-]{subsection.1.25.3}{\376\377\000p\000r\000e\000s\000s\000a\000b\000l\000e\000.\000p\000y}{section.1.25}% 190
\BOOKMARK [2][-]{subsection.1.25.4}{\376\377\000w\000i\000d\000g\000e\000t\000.\000p\000y}{section.1.25}% 191
