\BOOKMARK [1][-]{section.1}{\376\377\000T\000e\000c\000h\000n\000i\000c\000a\000l\000\040\000S\000o\000l\000u\000t\000i\000o\000n}{}% 1
\BOOKMARK [2][-]{subsection.1.1}{\376\377\000F\000i\000l\000e\000\040\000T\000r\000e\000e\000\040\000D\000i\000a\000g\000r\000a\000m}{section.1}% 2
\BOOKMARK [2][-]{subsection.1.2}{\376\377\000S\000u\000m\000m\000a\000r\000y\000\040\000o\000f\000\040\000C\000o\000m\000p\000l\000e\000x\000i\000t\000y}{section.1}% 3
\BOOKMARK [2][-]{subsection.1.3}{\376\377\000O\000v\000e\000r\000v\000i\000e\000w}{section.1}% 4
\BOOKMARK [3][-]{subsubsection.1.3.1}{\376\377\000M\000a\000i\000n}{subsection.1.3}% 5
\BOOKMARK [3][-]{subsubsection.1.3.2}{\376\377\000L\000o\000a\000d\000i\000n\000g\000\040\000S\000c\000r\000e\000e\000n}{subsection.1.3}% 6
\BOOKMARK [3][-]{subsubsection.1.3.3}{\376\377\000H\000e\000l\000p\000e\000r\000\040\000f\000u\000n\000c\000t\000i\000o\000n\000s}{subsection.1.3}% 7
\BOOKMARK [3][-]{subsubsection.1.3.4}{\376\377\000T\000h\000e\000m\000e}{subsection.1.3}% 8
\BOOKMARK [2][-]{subsection.1.4}{\376\377\000G\000U\000I}{section.1}% 9
\BOOKMARK [3][-]{subsubsection.1.4.1}{\376\377\000L\000a\000s\000e\000r}{subsection.1.4}% 10
\BOOKMARK [3][-]{subsubsection.1.4.2}{\376\377\000P\000a\000r\000t\000i\000c\000l\000e\000s}{subsection.1.4}% 11
\BOOKMARK [3][-]{subsubsection.1.4.3}{\376\377\000W\000i\000d\000g\000e\000t\000\040\000B\000a\000s\000e\000s}{subsection.1.4}% 12
\BOOKMARK [3][-]{subsubsection.1.4.4}{\376\377\000W\000i\000d\000g\000e\000t\000s}{subsection.1.4}% 13
\BOOKMARK [2][-]{subsection.1.5}{\376\377\000G\000a\000m\000e}{section.1}% 14
\BOOKMARK [3][-]{subsubsection.1.5.1}{\376\377\000M\000o\000d\000e\000l}{subsection.1.5}% 15
\BOOKMARK [3][-]{subsubsection.1.5.2}{\376\377\000V\000i\000e\000w}{subsection.1.5}% 16
\BOOKMARK [3][-]{subsubsection.1.5.3}{\376\377\000C\000o\000n\000t\000r\000o\000l\000l\000e\000r}{subsection.1.5}% 17
\BOOKMARK [3][-]{subsubsection.1.5.4}{\376\377\000B\000o\000a\000r\000d}{subsection.1.5}% 18
\BOOKMARK [3][-]{subsubsection.1.5.5}{\376\377\000B\000i\000t\000b\000o\000a\000r\000d\000s}{subsection.1.5}% 19
\BOOKMARK [2][-]{subsection.1.6}{\376\377\000C\000P\000U}{section.1}% 20
\BOOKMARK [3][-]{subsubsection.1.6.1}{\376\377\000M\000i\000n\000i\000m\000a\000x}{subsection.1.6}% 21
\BOOKMARK [3][-]{subsubsection.1.6.2}{\376\377\000A\000l\000p\000h\000a\000-\000b\000e\000t\000a\000\040\000P\000r\000u\000n\000i\000n\000g}{subsection.1.6}% 22
\BOOKMARK [3][-]{subsubsection.1.6.3}{\376\377\000T\000r\000a\000n\000s\000p\000o\000s\000i\000t\000i\000o\000n\000\040\000T\000a\000b\000l\000e\000\040\000C\000P\000U}{subsection.1.6}% 23
\BOOKMARK [3][-]{subsubsection.1.6.4}{\376\377\000E\000v\000a\000l\000u\000a\000t\000o\000r}{subsection.1.6}% 24
\BOOKMARK [3][-]{subsubsection.1.6.5}{\376\377\000M\000u\000l\000t\000i\000t\000h\000r\000e\000a\000d\000i\000n\000g}{subsection.1.6}% 25
\BOOKMARK [3][-]{subsubsection.1.6.6}{\376\377\000Z\000o\000b\000r\000i\000s\000t\000\040\000H\000a\000s\000h\000i\000n\000g}{subsection.1.6}% 26
\BOOKMARK [3][-]{subsubsection.1.6.7}{\376\377\000T\000r\000a\000n\000s\000p\000o\000s\000i\000t\000i\000o\000n\000\040\000T\000a\000b\000l\000e}{subsection.1.6}% 27
\BOOKMARK [2][-]{subsection.1.7}{\376\377\000D\000a\000t\000a\000b\000a\000s\000e}{section.1}% 28
\BOOKMARK [3][-]{subsubsection.1.7.1}{\376\377\000D\000D\000L}{subsection.1.7}% 29
\BOOKMARK [3][-]{subsubsection.1.7.2}{\376\377\000D\000M\000L}{subsection.1.7}% 30
\BOOKMARK [2][-]{subsection.1.8}{\376\377\000S\000h\000a\000d\000e\000r\000s}{section.1}% 31
\BOOKMARK [3][-]{subsubsection.1.8.1}{\376\377\000S\000h\000a\000d\000e\000r\000\040\000M\000a\000n\000a\000g\000e\000r}{subsection.1.8}% 32
\BOOKMARK [3][-]{subsubsection.1.8.2}{\376\377\000R\000a\000y\000s}{subsection.1.8}% 33
\BOOKMARK [3][-]{subsubsection.1.8.3}{\376\377\000B\000l\000o\000o\000m}{subsection.1.8}% 34
