\BOOKMARK [0][-]{chapter.1}{\376\377\000A\000n\000a\000l\000y\000s\000i\000s}{}% 1
\BOOKMARK [1][-]{section.1.1}{\376\377\000B\000a\000c\000k\000g\000r\000o\000u\000n\000d}{chapter.1}% 2
\BOOKMARK [2][-]{subsection.1.1.1}{\376\377\000G\000a\000m\000e\000\040\000D\000e\000s\000c\000r\000i\000p\000t\000i\000o\000n}{section.1.1}% 3
\BOOKMARK [2][-]{subsection.1.1.2}{\376\377\000C\000u\000r\000r\000e\000n\000t\000\040\000S\000o\000l\000u\000t\000i\000o\000n\000s}{section.1.1}% 4
\BOOKMARK [2][-]{subsection.1.1.3}{\376\377\000C\000l\000i\000e\000n\000t\000\040\000I\000n\000t\000e\000r\000v\000i\000e\000w}{section.1.1}% 5
\BOOKMARK [1][-]{section.1.2}{\376\377\000O\000b\000j\000e\000c\000t\000i\000v\000e\000s}{chapter.1}% 6
\BOOKMARK [2][-]{subsection.1.2.1}{\376\377\000C\000l\000i\000e\000n\000t\000\040\000O\000b\000j\000e\000c\000t\000i\000v\000e\000s}{section.1.2}% 7
\BOOKMARK [2][-]{subsection.1.2.2}{\376\377\000O\000t\000h\000e\000r\000\040\000U\000s\000e\000r\000\040\000C\000o\000n\000s\000i\000d\000e\000r\000a\000t\000i\000o\000n\000s}{section.1.2}% 8
\BOOKMARK [1][-]{section.1.3}{\376\377\000R\000e\000s\000e\000a\000r\000c\000h}{chapter.1}% 9
\BOOKMARK [2][-]{subsection.1.3.1}{\376\377\000B\000o\000a\000r\000d\000\040\000R\000e\000p\000r\000e\000s\000e\000n\000t\000a\000t\000i\000o\000n}{section.1.3}% 10
\BOOKMARK [2][-]{subsection.1.3.2}{\376\377\000C\000P\000U\000\040\000t\000e\000c\000h\000n\000i\000q\000u\000e\000s}{section.1.3}% 11
\BOOKMARK [2][-]{subsection.1.3.3}{\376\377\000G\000U\000I\000\040\000f\000r\000a\000m\000e\000w\000o\000r\000k}{section.1.3}% 12
\BOOKMARK [1][-]{section.1.4}{\376\377\000P\000r\000o\000p\000o\000s\000e\000d\000\040\000S\000o\000l\000u\000t\000i\000o\000n}{chapter.1}% 13
\BOOKMARK [2][-]{subsection.1.4.1}{\376\377\000L\000a\000n\000g\000u\000a\000g\000e}{section.1.4}% 14
\BOOKMARK [2][-]{subsection.1.4.2}{\376\377\000D\000e\000v\000e\000l\000o\000p\000m\000e\000n\000t\000\040\000E\000n\000v\000i\000r\000o\000n\000m\000e\000n\000t}{section.1.4}% 15
\BOOKMARK [2][-]{subsection.1.4.3}{\376\377\000S\000o\000u\000r\000c\000e\000\040\000C\000o\000n\000t\000r\000o\000l}{section.1.4}% 16
\BOOKMARK [2][-]{subsection.1.4.4}{\376\377\000T\000e\000c\000h\000n\000i\000q\000u\000e\000s}{section.1.4}% 17
\BOOKMARK [1][-]{section.1.5}{\376\377\000L\000i\000m\000i\000t\000a\000t\000i\000o\000n\000s}{chapter.1}% 18
\BOOKMARK [1][-]{section.1.6}{\376\377\000C\000r\000i\000t\000i\000c\000a\000l\000\040\000P\000a\000t\000h\000\040\000D\000e\000s\000i\000g\000n}{chapter.1}% 19
\BOOKMARK [0][-]{chapter.2}{\376\377\000D\000e\000s\000i\000g\000n}{}% 20
\BOOKMARK [1][-]{section.2.1}{\376\377\000S\000y\000s\000t\000e\000m\000\040\000A\000r\000c\000h\000i\000t\000e\000c\000t\000u\000r\000e}{chapter.2}% 21
\BOOKMARK [2][-]{subsection.2.1.1}{\376\377\000M\000a\000i\000n\000\040\000M\000e\000n\000u}{section.2.1}% 22
\BOOKMARK [2][-]{subsection.2.1.2}{\376\377\000S\000e\000t\000t\000i\000n\000g\000s}{section.2.1}% 23
\BOOKMARK [2][-]{subsection.2.1.3}{\376\377\000P\000a\000s\000t\000\040\000G\000a\000m\000e\000s\000\040\000B\000r\000o\000w\000s\000e\000r}{section.2.1}% 24
\BOOKMARK [2][-]{subsection.2.1.4}{\376\377\000C\000o\000n\000f\000i\000g}{section.2.1}% 25
\BOOKMARK [2][-]{subsection.2.1.5}{\376\377\000G\000a\000m\000e}{section.2.1}% 26
\BOOKMARK [2][-]{subsection.2.1.6}{\376\377\000B\000o\000a\000r\000d\000\040\000E\000d\000i\000t\000o\000r}{section.2.1}% 27
\BOOKMARK [1][-]{section.2.2}{\376\377\000A\000l\000g\000o\000r\000i\000t\000h\000m\000s\000\040\000a\000n\000d\000\040\000T\000e\000c\000h\000n\000i\000q\000u\000e\000s}{chapter.2}% 28
\BOOKMARK [2][-]{subsection.2.2.1}{\376\377\000M\000i\000n\000i\000m\000a\000x}{section.2.2}% 29
\BOOKMARK [2][-]{subsection.2.2.2}{\376\377\000M\000i\000n\000i\000m\000a\000x\000\040\000i\000m\000p\000r\000o\000v\000e\000m\000e\000n\000t\000s}{section.2.2}% 30
\BOOKMARK [2][-]{subsection.2.2.3}{\376\377\000B\000o\000a\000r\000d\000\040\000R\000e\000p\000r\000e\000s\000e\000n\000t\000a\000t\000i\000o\000n}{section.2.2}% 31
\BOOKMARK [2][-]{subsection.2.2.4}{\376\377\000E\000v\000a\000l\000u\000a\000t\000i\000o\000n\000\040\000F\000u\000n\000c\000t\000i\000o\000n}{section.2.2}% 32
\BOOKMARK [2][-]{subsection.2.2.5}{\376\377\000S\000h\000a\000d\000o\000w\000\040\000M\000a\000p\000p\000i\000n\000g}{section.2.2}% 33
\BOOKMARK [2][-]{subsection.2.2.6}{\376\377\000M\000u\000l\000t\000i\000t\000h\000r\000e\000a\000d\000i\000n\000g}{section.2.2}% 34
\BOOKMARK [1][-]{section.2.3}{\376\377\000D\000a\000t\000a\000\040\000S\000t\000r\000u\000c\000t\000u\000r\000e\000s}{chapter.2}% 35
\BOOKMARK [2][-]{subsection.2.3.1}{\376\377\000D\000a\000t\000a\000b\000a\000s\000e}{section.2.3}% 36
\BOOKMARK [2][-]{subsection.2.3.2}{\376\377\000L\000i\000n\000k\000e\000d\000\040\000L\000i\000s\000t\000s}{section.2.3}% 37
\BOOKMARK [2][-]{subsection.2.3.3}{\376\377\000S\000t\000a\000c\000k}{section.2.3}% 38
\BOOKMARK [1][-]{section.2.4}{\376\377\000C\000l\000a\000s\000s\000e\000s}{chapter.2}% 39
\BOOKMARK [2][-]{subsection.2.4.1}{\376\377\000C\000l\000a\000s\000s\000\040\000D\000i\000a\000g\000r\000a\000m}{section.2.4}% 40
\BOOKMARK [0][-]{chapter.3}{\376\377\000T\000e\000c\000h\000n\000i\000c\000a\000l\000\040\000S\000o\000l\000u\000t\000i\000o\000n}{}% 41
\BOOKMARK [1][-]{section.3.1}{\376\377\000F\000i\000l\000e\000\040\000T\000r\000e\000e\000\040\000D\000i\000a\000g\000r\000a\000m}{chapter.3}% 42
\BOOKMARK [1][-]{section.3.2}{\376\377\000S\000u\000m\000m\000a\000r\000y\000\040\000o\000f\000\040\000C\000o\000m\000p\000l\000e\000x\000i\000t\000y}{chapter.3}% 43
\BOOKMARK [1][-]{section.3.3}{\376\377\000O\000v\000e\000r\000v\000i\000e\000w}{chapter.3}% 44
\BOOKMARK [2][-]{subsection.3.3.1}{\376\377\000M\000a\000i\000n}{section.3.3}% 45
\BOOKMARK [2][-]{subsection.3.3.2}{\376\377\000L\000o\000a\000d\000i\000n\000g\000\040\000S\000c\000r\000e\000e\000n}{section.3.3}% 46
\BOOKMARK [2][-]{subsection.3.3.3}{\376\377\000H\000e\000l\000p\000e\000r\000\040\000f\000u\000n\000c\000t\000i\000o\000n\000s}{section.3.3}% 47
\BOOKMARK [2][-]{subsection.3.3.4}{\376\377\000T\000h\000e\000m\000e}{section.3.3}% 48
\BOOKMARK [1][-]{section.3.4}{\376\377\000G\000U\000I}{chapter.3}% 49
\BOOKMARK [2][-]{subsection.3.4.1}{\376\377\000L\000a\000s\000e\000r}{section.3.4}% 50
\BOOKMARK [2][-]{subsection.3.4.2}{\376\377\000P\000a\000r\000t\000i\000c\000l\000e\000s}{section.3.4}% 51
\BOOKMARK [2][-]{subsection.3.4.3}{\376\377\000W\000i\000d\000g\000e\000t\000\040\000B\000a\000s\000e\000s}{section.3.4}% 52
\BOOKMARK [2][-]{subsection.3.4.4}{\376\377\000W\000i\000d\000g\000e\000t\000s}{section.3.4}% 53
\BOOKMARK [1][-]{section.3.5}{\376\377\000G\000a\000m\000e}{chapter.3}% 54
\BOOKMARK [2][-]{subsection.3.5.1}{\376\377\000M\000o\000d\000e\000l}{section.3.5}% 55
\BOOKMARK [2][-]{subsection.3.5.2}{\376\377\000V\000i\000e\000w}{section.3.5}% 56
\BOOKMARK [2][-]{subsection.3.5.3}{\376\377\000C\000o\000n\000t\000r\000o\000l\000l\000e\000r}{section.3.5}% 57
\BOOKMARK [2][-]{subsection.3.5.4}{\376\377\000B\000o\000a\000r\000d}{section.3.5}% 58
\BOOKMARK [2][-]{subsection.3.5.5}{\376\377\000B\000i\000t\000b\000o\000a\000r\000d\000s}{section.3.5}% 59
\BOOKMARK [1][-]{section.3.6}{\376\377\000C\000P\000U}{chapter.3}% 60
\BOOKMARK [2][-]{subsection.3.6.1}{\376\377\000M\000i\000n\000i\000m\000a\000x}{section.3.6}% 61
\BOOKMARK [2][-]{subsection.3.6.2}{\376\377\000A\000l\000p\000h\000a\000-\000b\000e\000t\000a\000\040\000P\000r\000u\000n\000i\000n\000g}{section.3.6}% 62
\BOOKMARK [2][-]{subsection.3.6.3}{\376\377\000T\000r\000a\000n\000s\000p\000o\000s\000i\000t\000i\000o\000n\000\040\000T\000a\000b\000l\000e}{section.3.6}% 63
\BOOKMARK [2][-]{subsection.3.6.4}{\376\377\000I\000t\000e\000r\000a\000t\000i\000v\000e\000\040\000D\000e\000e\000p\000e\000n\000i\000n\000g}{section.3.6}% 64
\BOOKMARK [2][-]{subsection.3.6.5}{\376\377\000E\000v\000a\000l\000u\000a\000t\000o\000r}{section.3.6}% 65
\BOOKMARK [2][-]{subsection.3.6.6}{\376\377\000M\000u\000l\000t\000i\000t\000h\000r\000e\000a\000d\000i\000n\000g}{section.3.6}% 66
\BOOKMARK [2][-]{subsection.3.6.7}{\376\377\000Z\000o\000b\000r\000i\000s\000t\000\040\000H\000a\000s\000h\000i\000n\000g}{section.3.6}% 67
\BOOKMARK [2][-]{subsection.3.6.8}{\376\377\000C\000a\000c\000h\000e}{section.3.6}% 68
\BOOKMARK [1][-]{section.3.7}{\376\377\000S\000t\000a\000t\000e\000s}{chapter.3}% 69
\BOOKMARK [2][-]{subsection.3.7.1}{\376\377\000R\000e\000v\000i\000e\000w}{section.3.7}% 70
\BOOKMARK [1][-]{section.3.8}{\376\377\000D\000a\000t\000a\000b\000a\000s\000e}{chapter.3}% 71
\BOOKMARK [2][-]{subsection.3.8.1}{\376\377\000D\000D\000L}{section.3.8}% 72
\BOOKMARK [2][-]{subsection.3.8.2}{\376\377\000D\000M\000L}{section.3.8}% 73
\BOOKMARK [1][-]{section.3.9}{\376\377\000S\000h\000a\000d\000e\000r\000s}{chapter.3}% 74
\BOOKMARK [2][-]{subsection.3.9.1}{\376\377\000S\000h\000a\000d\000e\000r\000\040\000M\000a\000n\000a\000g\000e\000r}{section.3.9}% 75
\BOOKMARK [2][-]{subsection.3.9.2}{\376\377\000B\000l\000o\000o\000m}{section.3.9}% 76
\BOOKMARK [2][-]{subsection.3.9.3}{\376\377\000R\000a\000y\000s}{section.3.9}% 77
\BOOKMARK [0][-]{chapter.4}{\376\377\000T\000e\000s\000t\000i\000n\000g}{}% 78
\BOOKMARK [1][-]{section.4.1}{\376\377\000I\000t\000e\000r\000a\000t\000i\000v\000e\000\040\000T\000e\000s\000t\000i\000n\000g}{chapter.4}% 79
\BOOKMARK [2][-]{subsection.4.1.1}{\376\377\000M\000i\000n\000i\000m\000a\000x}{section.4.1}% 80
\BOOKMARK [2][-]{subsection.4.1.2}{\376\377\000M\000i\000g\000r\000a\000t\000i\000o\000n\000s}{section.4.1}% 81
\BOOKMARK [1][-]{section.4.2}{\376\377\000U\000n\000i\000t\000\040\000T\000e\000s\000t\000s}{chapter.4}% 82
\BOOKMARK [2][-]{subsection.4.2.1}{\376\377\000B\000o\000a\000r\000d\000\040\000E\000v\000a\000l\000u\000a\000t\000o\000r}{section.4.2}% 83
\BOOKMARK [2][-]{subsection.4.2.2}{\376\377\000C\000P\000U}{section.4.2}% 84
\BOOKMARK [2][-]{subsection.4.2.3}{\376\377\000S\000h\000a\000d\000o\000w\000\040\000M\000a\000p\000p\000i\000n\000g}{section.4.2}% 85
\BOOKMARK [1][-]{section.4.3}{\376\377\000F\000i\000n\000a\000l\000\040\000T\000e\000s\000t\000s}{chapter.4}% 86
\BOOKMARK [2][-]{subsection.4.3.1}{\376\377\000O\000b\000j\000e\000c\000t\000i\000v\000e\000\040\0001}{section.4.3}% 87
\BOOKMARK [2][-]{subsection.4.3.2}{\376\377\000O\000b\000j\000e\000c\000t\000i\000v\000e\000\040\0002}{section.4.3}% 88
\BOOKMARK [2][-]{subsection.4.3.3}{\376\377\000O\000b\000j\000e\000c\000t\000i\000v\000e\000\040\0003}{section.4.3}% 89
\BOOKMARK [2][-]{subsection.4.3.4}{\376\377\000O\000b\000j\000e\000c\000t\000i\000v\000e\000\040\0004}{section.4.3}% 90
\BOOKMARK [2][-]{subsection.4.3.5}{\376\377\000O\000b\000j\000e\000c\000t\000i\000v\000e\000\040\0005}{section.4.3}% 91
\BOOKMARK [2][-]{subsection.4.3.6}{\376\377\000O\000b\000j\000e\000c\000t\000i\000v\000e\000\040\0006}{section.4.3}% 92
\BOOKMARK [2][-]{subsection.4.3.7}{\376\377\000O\000b\000j\000e\000c\000t\000i\000v\000e\000\040\0007}{section.4.3}% 93
\BOOKMARK [1][-]{section.4.4}{\376\377\000V\000i\000d\000e\000o\000s}{chapter.4}% 94
\BOOKMARK [0][-]{chapter.5}{\376\377\000E\000v\000a\000l\000u\000a\000t\000i\000o\000n}{}% 95
\BOOKMARK [1][-]{section.5.1}{\376\377\000O\000b\000j\000e\000c\000t\000i\000v\000e\000s}{chapter.5}% 96
\BOOKMARK [2][-]{subsection.5.1.1}{\376\377\000O\000b\000j\000e\000c\000t\000i\000v\000e\000\040\0001}{section.5.1}% 97
\BOOKMARK [2][-]{subsection.5.1.2}{\376\377\000O\000b\000j\000e\000c\000t\000i\000v\000e\000\040\0002}{section.5.1}% 98
\BOOKMARK [2][-]{subsection.5.1.3}{\376\377\000O\000b\000j\000e\000c\000t\000i\000v\000e\000\040\0003}{section.5.1}% 99
\BOOKMARK [2][-]{subsection.5.1.4}{\376\377\000O\000b\000j\000e\000c\000t\000i\000v\000e\000\040\0004}{section.5.1}% 100
\BOOKMARK [2][-]{subsection.5.1.5}{\376\377\000O\000b\000j\000e\000c\000t\000i\000v\000e\000\040\0005}{section.5.1}% 101
\BOOKMARK [2][-]{subsection.5.1.6}{\376\377\000O\000b\000j\000e\000c\000t\000i\000v\000e\000\040\0006}{section.5.1}% 102
\BOOKMARK [1][-]{section.5.2}{\376\377\000C\000l\000i\000e\000n\000t\000\040\000F\000e\000e\000d\000b\000a\000c\000k}{chapter.5}% 103
\BOOKMARK [1][-]{section.5.3}{\376\377\000C\000o\000n\000c\000l\000u\000s\000i\000o\000n}{chapter.5}% 104
\BOOKMARK [0][-]{appendix.A}{\376\377\000S\000c\000r\000e\000e\000n\000s\000h\000o\000t\000s}{}% 105
\BOOKMARK [0][-]{appendix.B}{\376\377\000S\000o\000u\000r\000c\000e\000\040\000C\000o\000d\000e}{}% 106
\BOOKMARK [1][-]{section.B.1}{\376\377\000d\000a\000t\000a}{appendix.B}% 107
\BOOKMARK [2][-]{subsection.B.1.1}{\376\377\000c\000o\000n\000t\000r\000o\000l\000.\000p\000y}{section.B.1}% 108
\BOOKMARK [2][-]{subsection.B.1.2}{\376\377\000l\000o\000a\000d\000i\000n\000g\000\137\000s\000c\000r\000e\000e\000n\000.\000p\000y}{section.B.1}% 109
\BOOKMARK [2][-]{subsection.B.1.3}{\376\377\000m\000a\000i\000n\000.\000p\000y}{section.B.1}% 110
\BOOKMARK [2][-]{subsection.B.1.4}{\376\377\000s\000e\000t\000u\000p\000.\000p\000y}{section.B.1}% 111
\BOOKMARK [2][-]{subsection.B.1.5}{\376\377\000w\000i\000n\000d\000o\000w\000s\000\137\000s\000e\000t\000u\000p\000.\000p\000y}{section.B.1}% 112
\BOOKMARK [1][-]{section.B.2}{\376\377\000d\000a\000t\000a\000\134\000a\000p\000p\000\137\000d\000a\000t\000a}{appendix.B}% 113
\BOOKMARK [2][-]{subsection.B.2.1}{\376\377\000d\000e\000f\000a\000u\000l\000t\000\137\000s\000e\000t\000t\000i\000n\000g\000s\000.\000j\000s\000o\000n}{section.B.2}% 114
\BOOKMARK [2][-]{subsection.B.2.2}{\376\377\000l\000o\000g\000s\000\137\000c\000o\000n\000f\000i\000g\000.\000j\000s\000o\000n}{section.B.2}% 115
\BOOKMARK [2][-]{subsection.B.2.3}{\376\377\000l\000o\000g\000s\000\137\000c\000o\000n\000f\000i\000g\000\137\000p\000r\000o\000d\000.\000j\000s\000o\000n}{section.B.2}% 116
\BOOKMARK [2][-]{subsection.B.2.4}{\376\377\000t\000h\000e\000m\000e\000s\000.\000j\000s\000o\000n}{section.B.2}% 117
\BOOKMARK [2][-]{subsection.B.2.5}{\376\377\000u\000s\000e\000r\000\137\000s\000e\000t\000t\000i\000n\000g\000s\000.\000j\000s\000o\000n}{section.B.2}% 118
\BOOKMARK [1][-]{section.B.3}{\376\377\000d\000a\000t\000a\000\134\000c\000o\000m\000p\000o\000n\000e\000n\000t\000s}{appendix.B}% 119
\BOOKMARK [2][-]{subsection.B.3.1}{\376\377\000c\000i\000r\000c\000u\000l\000a\000r\000\137\000l\000i\000n\000k\000e\000d\000\137\000l\000i\000s\000t\000.\000p\000y}{section.B.3}% 120
\BOOKMARK [2][-]{subsection.B.3.2}{\376\377\000c\000u\000r\000s\000o\000r\000.\000p\000y}{section.B.3}% 121
\BOOKMARK [2][-]{subsection.B.3.3}{\376\377\000c\000u\000s\000t\000o\000m\000\137\000e\000v\000e\000n\000t\000.\000p\000y}{section.B.3}% 122
\BOOKMARK [2][-]{subsection.B.3.4}{\376\377\000g\000a\000m\000e\000\137\000e\000n\000t\000r\000y\000.\000p\000y}{section.B.3}% 123
\BOOKMARK [2][-]{subsection.B.3.5}{\376\377\000w\000i\000d\000g\000e\000t\000\137\000g\000r\000o\000u\000p\000.\000p\000y}{section.B.3}% 124
\BOOKMARK [1][-]{section.B.4}{\376\377\000d\000a\000t\000a\000\134\000d\000a\000t\000a\000b\000a\000s\000e}{appendix.B}% 125
\BOOKMARK [1][-]{section.B.5}{\376\377\000d\000a\000t\000a\000\134\000d\000a\000t\000a\000b\000a\000s\000e\000\134\000m\000i\000g\000r\000a\000t\000i\000o\000n\000s}{appendix.B}% 126
\BOOKMARK [2][-]{subsection.B.5.1}{\376\377\000a\000d\000d\000\137\000c\000r\000e\000a\000t\000e\000d\000\137\000d\000t\000\137\000c\000o\000l\000u\000m\000n\0002\0007\0001\0001\0002\0000\0002\0004\000.\000p\000y}{section.B.5}% 127
\BOOKMARK [2][-]{subsection.B.5.2}{\376\377\000a\000d\000d\000\137\000f\000e\000n\000\137\000s\000t\000r\000i\000n\000g\000\137\000c\000o\000l\000u\000m\000n\000\137\0002\0002\0001\0001\0002\0000\0002\0004\000.\000p\000y}{section.B.5}% 128
\BOOKMARK [2][-]{subsection.B.5.3}{\376\377\000a\000d\000d\000\137\000s\000t\000a\000r\000t\000\137\000f\000e\000n\000\137\000s\000t\000r\000i\000n\000g\000\137\000c\000o\000l\000u\000m\000n\000\137\0002\0003\0001\0002\0002\0000\0002\0004\000.\000p\000y}{section.B.5}% 129
\BOOKMARK [2][-]{subsection.B.5.4}{\376\377\000c\000h\000a\000n\000g\000e\000\137\000f\000e\000n\000\137\000s\000t\000r\000i\000n\000g\000\137\000c\000o\000l\000u\000m\000n\000\137\000n\000a\000m\000e\000\137\0002\0003\0001\0002\0002\0000\0002\0004\000.\000p\000y}{section.B.5}% 130
\BOOKMARK [2][-]{subsection.B.5.5}{\376\377\000c\000r\000e\000a\000t\000e\000\137\000g\000a\000m\000e\000s\000\137\000t\000a\000b\000l\000e\000\137\0001\0009\0001\0001\0002\0000\0002\0004\000.\000p\000y}{section.B.5}% 131
\BOOKMARK [1][-]{section.B.6}{\376\377\000d\000a\000t\000a\000\134\000h\000e\000l\000p\000e\000r\000s}{appendix.B}% 132
\BOOKMARK [2][-]{subsection.B.6.1}{\376\377\000a\000s\000s\000e\000t\000\137\000h\000e\000l\000p\000e\000r\000s\000.\000p\000y}{section.B.6}% 133
\BOOKMARK [2][-]{subsection.B.6.2}{\376\377\000b\000i\000t\000b\000o\000a\000r\000d\000\137\000h\000e\000l\000p\000e\000r\000s\000.\000p\000y}{section.B.6}% 134
\BOOKMARK [2][-]{subsection.B.6.3}{\376\377\000b\000o\000a\000r\000d\000\137\000h\000e\000l\000p\000e\000r\000s\000.\000p\000y}{section.B.6}% 135
\BOOKMARK [2][-]{subsection.B.6.4}{\376\377\000b\000r\000o\000w\000s\000e\000r\000\137\000h\000e\000l\000p\000e\000r\000s\000.\000p\000y}{section.B.6}% 136
\BOOKMARK [2][-]{subsection.B.6.5}{\376\377\000d\000a\000t\000a\000b\000a\000s\000e\000\137\000h\000e\000l\000p\000e\000r\000s\000.\000p\000y}{section.B.6}% 137
\BOOKMARK [2][-]{subsection.B.6.6}{\376\377\000d\000a\000t\000a\000\137\000h\000e\000l\000p\000e\000r\000s\000.\000p\000y}{section.B.6}% 138
\BOOKMARK [2][-]{subsection.B.6.7}{\376\377\000f\000o\000n\000t\000\137\000h\000e\000l\000p\000e\000r\000s\000.\000p\000y}{section.B.6}% 139
\BOOKMARK [2][-]{subsection.B.6.8}{\376\377\000i\000n\000p\000u\000t\000\137\000h\000e\000l\000p\000e\000r\000s\000.\000p\000y}{section.B.6}% 140
\BOOKMARK [2][-]{subsection.B.6.9}{\376\377\000l\000o\000a\000d\000\137\000h\000e\000l\000p\000e\000r\000s\000.\000p\000y}{section.B.6}% 141
\BOOKMARK [2][-]{subsection.B.6.10}{\376\377\000w\000i\000d\000g\000e\000t\000\137\000h\000e\000l\000p\000e\000r\000s\000.\000p\000y}{section.B.6}% 142
\BOOKMARK [1][-]{section.B.7}{\376\377\000d\000a\000t\000a\000\134\000m\000a\000n\000a\000g\000e\000r\000s}{appendix.B}% 143
\BOOKMARK [2][-]{subsection.B.7.1}{\376\377\000a\000n\000i\000m\000a\000t\000i\000o\000n\000.\000p\000y}{section.B.7}% 144
\BOOKMARK [2][-]{subsection.B.7.2}{\376\377\000a\000u\000d\000i\000o\000.\000p\000y}{section.B.7}% 145
\BOOKMARK [2][-]{subsection.B.7.3}{\376\377\000c\000u\000r\000s\000o\000r\000.\000p\000y}{section.B.7}% 146
\BOOKMARK [2][-]{subsection.B.7.4}{\376\377\000l\000o\000g\000s\000.\000p\000y}{section.B.7}% 147
\BOOKMARK [2][-]{subsection.B.7.5}{\376\377\000s\000h\000a\000d\000e\000r\000.\000p\000y}{section.B.7}% 148
\BOOKMARK [2][-]{subsection.B.7.6}{\376\377\000t\000h\000e\000m\000e\000.\000p\000y}{section.B.7}% 149
\BOOKMARK [2][-]{subsection.B.7.7}{\376\377\000w\000i\000n\000d\000o\000w\000.\000p\000y}{section.B.7}% 150
\BOOKMARK [1][-]{section.B.8}{\376\377\000d\000a\000t\000a\000\134\000s\000h\000a\000d\000e\000r\000s}{appendix.B}% 151
\BOOKMARK [2][-]{subsection.B.8.1}{\376\377\000p\000r\000o\000t\000o\000c\000o\000l\000.\000p\000y}{section.B.8}% 152
\BOOKMARK [1][-]{section.B.9}{\376\377\000d\000a\000t\000a\000\134\000s\000h\000a\000d\000e\000r\000s\000\134\000c\000l\000a\000s\000s\000e\000s}{appendix.B}% 153
\BOOKMARK [2][-]{subsection.B.9.1}{\376\377\000b\000a\000s\000e\000.\000p\000y}{section.B.9}% 154
\BOOKMARK [2][-]{subsection.B.9.2}{\376\377\000b\000l\000e\000n\000d\000.\000p\000y}{section.B.9}% 155
\BOOKMARK [2][-]{subsection.B.9.3}{\376\377\000b\000l\000o\000o\000m\000.\000p\000y}{section.B.9}% 156
\BOOKMARK [2][-]{subsection.B.9.4}{\376\377\000b\000l\000u\000r\000.\000p\000y}{section.B.9}% 157
\BOOKMARK [2][-]{subsection.B.9.5}{\376\377\000c\000h\000r\000o\000m\000a\000t\000i\000c\000\137\000a\000b\000b\000r\000e\000v\000i\000a\000t\000i\000o\000n\000.\000p\000y}{section.B.9}% 158
\BOOKMARK [2][-]{subsection.B.9.6}{\376\377\000c\000r\000o\000p\000.\000p\000y}{section.B.9}% 159
\BOOKMARK [2][-]{subsection.B.9.7}{\376\377\000c\000r\000t\000.\000p\000y}{section.B.9}% 160
\BOOKMARK [2][-]{subsection.B.9.8}{\376\377\000g\000r\000a\000y\000s\000c\000a\000l\000e\000.\000p\000y}{section.B.9}% 161
\BOOKMARK [2][-]{subsection.B.9.9}{\376\377\000h\000i\000g\000h\000l\000i\000g\000h\000t\000\137\000b\000r\000i\000g\000h\000t\000n\000e\000s\000s\000.\000p\000y}{section.B.9}% 162
\BOOKMARK [2][-]{subsection.B.9.10}{\376\377\000h\000i\000g\000h\000l\000i\000g\000h\000t\000\137\000c\000o\000l\000o\000u\000r\000.\000p\000y}{section.B.9}% 163
\BOOKMARK [2][-]{subsection.B.9.11}{\376\377\000l\000i\000g\000h\000t\000m\000a\000p\000.\000p\000y}{section.B.9}% 164
\BOOKMARK [2][-]{subsection.B.9.12}{\376\377\000o\000c\000c\000l\000u\000s\000i\000o\000n\000.\000p\000y}{section.B.9}% 165
\BOOKMARK [2][-]{subsection.B.9.13}{\376\377\000r\000a\000y\000s\000.\000p\000y}{section.B.9}% 166
\BOOKMARK [2][-]{subsection.B.9.14}{\376\377\000s\000h\000a\000d\000o\000w\000m\000a\000p\000.\000p\000y}{section.B.9}% 167
\BOOKMARK [2][-]{subsection.B.9.15}{\376\377\000s\000h\000a\000k\000e\000.\000p\000y}{section.B.9}% 168
\BOOKMARK [2][-]{subsection.B.9.16}{\376\377\000\137\000\137\000i\000n\000i\000t\000\137\000\137\000.\000p\000y}{section.B.9}% 169
\BOOKMARK [1][-]{section.B.10}{\376\377\000d\000a\000t\000a\000\134\000s\000h\000a\000d\000e\000r\000s\000\134\000f\000r\000a\000g\000m\000e\000n\000t\000s}{appendix.B}% 170
\BOOKMARK [2][-]{subsection.B.10.1}{\376\377\000b\000a\000c\000k\000g\000r\000o\000u\000n\000d\000\137\000b\000a\000l\000a\000t\000r\000o\000.\000f\000r\000a\000g}{section.B.10}% 171
\BOOKMARK [2][-]{subsection.B.10.2}{\376\377\000b\000a\000c\000k\000g\000r\000o\000u\000n\000d\000\137\000g\000r\000a\000d\000i\000e\000n\000t\000.\000f\000r\000a\000g}{section.B.10}% 172
\BOOKMARK [2][-]{subsection.B.10.3}{\376\377\000b\000a\000c\000k\000g\000r\000o\000u\000n\000d\000\137\000l\000a\000s\000e\000r\000s\000.\000f\000r\000a\000g}{section.B.10}% 173
\BOOKMARK [2][-]{subsection.B.10.4}{\376\377\000b\000a\000c\000k\000g\000r\000o\000u\000n\000d\000\137\000n\000o\000n\000e\000.\000f\000r\000a\000g}{section.B.10}% 174
\BOOKMARK [2][-]{subsection.B.10.5}{\376\377\000b\000a\000c\000k\000g\000r\000o\000u\000n\000d\000\137\000w\000a\000v\000e\000s\000.\000f\000r\000a\000g}{section.B.10}% 175
\BOOKMARK [2][-]{subsection.B.10.6}{\376\377\000b\000a\000s\000e\000.\000f\000r\000a\000g}{section.B.10}% 176
\BOOKMARK [2][-]{subsection.B.10.7}{\376\377\000b\000l\000e\000n\000d\000.\000f\000r\000a\000g}{section.B.10}% 177
\BOOKMARK [2][-]{subsection.B.10.8}{\376\377\000b\000l\000o\000o\000m\000.\000f\000r\000a\000g}{section.B.10}% 178
\BOOKMARK [2][-]{subsection.B.10.9}{\376\377\000b\000l\000o\000o\000m\000\137\000o\000l\000d\000.\000f\000r\000a\000g}{section.B.10}% 179
\BOOKMARK [2][-]{subsection.B.10.10}{\376\377\000b\000l\000u\000r\000.\000f\000r\000a\000g}{section.B.10}% 180
\BOOKMARK [2][-]{subsection.B.10.11}{\376\377\000b\000o\000x\000\137\000b\000l\000u\000r\000.\000f\000r\000a\000g}{section.B.10}% 181
\BOOKMARK [2][-]{subsection.B.10.12}{\376\377\000c\000a\000l\000i\000b\000r\000a\000t\000e\000.\000f\000r\000a\000g}{section.B.10}% 182
\BOOKMARK [2][-]{subsection.B.10.13}{\376\377\000c\000h\000r\000o\000m\000a\000t\000i\000c\000\137\000a\000b\000b\000r\000e\000v\000i\000a\000t\000i\000o\000n\000.\000f\000r\000a\000g}{section.B.10}% 183
\BOOKMARK [2][-]{subsection.B.10.14}{\376\377\000c\000r\000o\000p\000.\000f\000r\000a\000g}{section.B.10}% 184
\BOOKMARK [2][-]{subsection.B.10.15}{\376\377\000c\000r\000t\000.\000f\000r\000a\000g}{section.B.10}% 185
\BOOKMARK [2][-]{subsection.B.10.16}{\376\377\000f\000l\000a\000s\000h\000l\000i\000g\000h\000t\000.\000f\000r\000a\000g}{section.B.10}% 186
\BOOKMARK [2][-]{subsection.B.10.17}{\376\377\000g\000r\000a\000y\000s\000c\000a\000l\000e\000.\000f\000r\000a\000g}{section.B.10}% 187
\BOOKMARK [2][-]{subsection.B.10.18}{\376\377\000h\000i\000g\000h\000l\000i\000g\000h\000t\000\137\000b\000r\000i\000g\000h\000t\000n\000e\000s\000s\000.\000f\000r\000a\000g}{section.B.10}% 188
\BOOKMARK [2][-]{subsection.B.10.19}{\376\377\000h\000i\000g\000h\000l\000i\000g\000h\000t\000\137\000c\000o\000l\000o\000u\000r\000.\000f\000r\000a\000g}{section.B.10}% 189
\BOOKMARK [2][-]{subsection.B.10.20}{\376\377\000l\000i\000g\000h\000t\000m\000a\000p\000.\000f\000r\000a\000g}{section.B.10}% 190
\BOOKMARK [2][-]{subsection.B.10.21}{\376\377\000o\000c\000c\000l\000u\000s\000i\000o\000n\000.\000f\000r\000a\000g}{section.B.10}% 191
\BOOKMARK [2][-]{subsection.B.10.22}{\376\377\000r\000a\000y\000s\000.\000f\000r\000a\000g}{section.B.10}% 192
\BOOKMARK [2][-]{subsection.B.10.23}{\376\377\000s\000h\000a\000d\000o\000w\000m\000a\000p\000.\000f\000r\000a\000g}{section.B.10}% 193
\BOOKMARK [2][-]{subsection.B.10.24}{\376\377\000s\000h\000a\000k\000e\000.\000f\000r\000a\000g}{section.B.10}% 194
\BOOKMARK [1][-]{section.B.11}{\376\377\000d\000a\000t\000a\000\134\000s\000h\000a\000d\000e\000r\000s\000\134\000v\000e\000r\000t\000e\000x}{appendix.B}% 195
\BOOKMARK [2][-]{subsection.B.11.1}{\376\377\000b\000a\000s\000e\000.\000v\000e\000r\000t}{section.B.11}% 196
\BOOKMARK [1][-]{section.B.12}{\376\377\000d\000a\000t\000a\000\134\000s\000t\000a\000t\000e\000s}{appendix.B}% 197
\BOOKMARK [1][-]{section.B.13}{\376\377\000d\000a\000t\000a\000\134\000s\000t\000a\000t\000e\000s\000\134\000b\000r\000o\000w\000s\000e\000r}{appendix.B}% 198
\BOOKMARK [2][-]{subsection.B.13.1}{\376\377\000b\000r\000o\000w\000s\000e\000r\000.\000p\000y}{section.B.13}% 199
\BOOKMARK [2][-]{subsection.B.13.2}{\376\377\000w\000i\000d\000g\000e\000t\000\137\000d\000i\000c\000t\000.\000p\000y}{section.B.13}% 200
\BOOKMARK [1][-]{section.B.14}{\376\377\000d\000a\000t\000a\000\134\000s\000t\000a\000t\000e\000s\000\134\000c\000o\000n\000f\000i\000g}{appendix.B}% 201
\BOOKMARK [2][-]{subsection.B.14.1}{\376\377\000c\000o\000n\000f\000i\000g\000.\000p\000y}{section.B.14}% 202
\BOOKMARK [2][-]{subsection.B.14.2}{\376\377\000d\000e\000f\000a\000u\000l\000t\000\137\000c\000o\000n\000f\000i\000g\000.\000p\000y}{section.B.14}% 203
\BOOKMARK [2][-]{subsection.B.14.3}{\376\377\000w\000i\000d\000g\000e\000t\000\137\000d\000i\000c\000t\000.\000p\000y}{section.B.14}% 204
\BOOKMARK [1][-]{section.B.15}{\376\377\000d\000a\000t\000a\000\134\000s\000t\000a\000t\000e\000s\000\134\000e\000d\000i\000t\000o\000r}{appendix.B}% 205
\BOOKMARK [2][-]{subsection.B.15.1}{\376\377\000e\000d\000i\000t\000o\000r\000.\000p\000y}{section.B.15}% 206
\BOOKMARK [2][-]{subsection.B.15.2}{\376\377\000w\000i\000d\000g\000e\000t\000\137\000d\000i\000c\000t\000.\000p\000y}{section.B.15}% 207
\BOOKMARK [1][-]{section.B.16}{\376\377\000d\000a\000t\000a\000\134\000s\000t\000a\000t\000e\000s\000\134\000g\000a\000m\000e}{appendix.B}% 208
\BOOKMARK [2][-]{subsection.B.16.1}{\376\377\000g\000a\000m\000e\000.\000p\000y}{section.B.16}% 209
\BOOKMARK [2][-]{subsection.B.16.2}{\376\377\000w\000i\000d\000g\000e\000t\000\137\000d\000i\000c\000t\000.\000p\000y}{section.B.16}% 210
\BOOKMARK [1][-]{section.B.17}{\376\377\000d\000a\000t\000a\000\134\000s\000t\000a\000t\000e\000s\000\134\000g\000a\000m\000e\000\134\000c\000o\000m\000p\000o\000n\000e\000n\000t\000s}{appendix.B}% 211
\BOOKMARK [2][-]{subsection.B.17.1}{\376\377\000b\000i\000t\000b\000o\000a\000r\000d\000\137\000c\000o\000l\000l\000e\000c\000t\000i\000o\000n\000.\000p\000y}{section.B.17}% 212
\BOOKMARK [2][-]{subsection.B.17.2}{\376\377\000b\000o\000a\000r\000d\000.\000p\000y}{section.B.17}% 213
\BOOKMARK [2][-]{subsection.B.17.3}{\376\377\000c\000a\000p\000t\000u\000r\000e\000\137\000d\000r\000a\000w\000.\000p\000y}{section.B.17}% 214
\BOOKMARK [2][-]{subsection.B.17.4}{\376\377\000f\000a\000t\000h\000e\000r\000.\000p\000y}{section.B.17}% 215
\BOOKMARK [2][-]{subsection.B.17.5}{\376\377\000f\000e\000n\000\137\000p\000a\000r\000s\000e\000r\000.\000p\000y}{section.B.17}% 216
\BOOKMARK [2][-]{subsection.B.17.6}{\376\377\000l\000a\000s\000e\000r\000.\000p\000y}{section.B.17}% 217
\BOOKMARK [2][-]{subsection.B.17.7}{\376\377\000l\000a\000s\000e\000r\000\137\000d\000r\000a\000w\000.\000p\000y}{section.B.17}% 218
\BOOKMARK [2][-]{subsection.B.17.8}{\376\377\000m\000o\000v\000e\000.\000p\000y}{section.B.17}% 219
\BOOKMARK [2][-]{subsection.B.17.9}{\376\377\000o\000v\000e\000r\000l\000a\000y\000\137\000d\000r\000a\000w\000.\000p\000y}{section.B.17}% 220
\BOOKMARK [2][-]{subsection.B.17.10}{\376\377\000p\000a\000r\000t\000i\000c\000l\000e\000s\000\137\000d\000r\000a\000w\000.\000p\000y}{section.B.17}% 221
\BOOKMARK [2][-]{subsection.B.17.11}{\376\377\000p\000i\000e\000c\000e\000\137\000g\000r\000o\000u\000p\000.\000p\000y}{section.B.17}% 222
\BOOKMARK [2][-]{subsection.B.17.12}{\376\377\000p\000i\000e\000c\000e\000\137\000s\000p\000r\000i\000t\000e\000.\000p\000y}{section.B.17}% 223
\BOOKMARK [2][-]{subsection.B.17.13}{\376\377\000p\000s\000q\000t\000.\000p\000y}{section.B.17}% 224
\BOOKMARK [1][-]{section.B.18}{\376\377\000d\000a\000t\000a\000\134\000s\000t\000a\000t\000e\000s\000\134\000g\000a\000m\000e\000\134\000c\000p\000u}{appendix.B}% 225
\BOOKMARK [2][-]{subsection.B.18.1}{\376\377\000b\000a\000s\000e\000.\000p\000y}{section.B.18}% 226
\BOOKMARK [2][-]{subsection.B.18.2}{\376\377\000c\000p\000u\000\137\000t\000h\000r\000e\000a\000d\000.\000p\000y}{section.B.18}% 227
\BOOKMARK [2][-]{subsection.B.18.3}{\376\377\000e\000v\000a\000l\000u\000a\000t\000o\000r\000.\000p\000y}{section.B.18}% 228
\BOOKMARK [2][-]{subsection.B.18.4}{\376\377\000m\000o\000v\000e\000\137\000o\000r\000d\000e\000r\000e\000r\000.\000p\000y}{section.B.18}% 229
\BOOKMARK [2][-]{subsection.B.18.5}{\376\377\000t\000e\000m\000p\000.\000p\000y}{section.B.18}% 230
\BOOKMARK [2][-]{subsection.B.18.6}{\376\377\000t\000r\000a\000n\000s\000p\000o\000s\000i\000t\000i\000o\000n\000\137\000t\000a\000b\000l\000e\000.\000p\000y}{section.B.18}% 231
\BOOKMARK [2][-]{subsection.B.18.7}{\376\377\000z\000o\000b\000r\000i\000s\000t\000\137\000h\000a\000s\000h\000e\000r\000.\000p\000y}{section.B.18}% 232
\BOOKMARK [1][-]{section.B.19}{\376\377\000d\000a\000t\000a\000\134\000s\000t\000a\000t\000e\000s\000\134\000g\000a\000m\000e\000\134\000c\000p\000u\000\134\000e\000n\000g\000i\000n\000e\000s}{appendix.B}% 233
\BOOKMARK [2][-]{subsection.B.19.1}{\376\377\000a\000l\000p\000h\000a\000\137\000b\000e\000t\000a\000.\000p\000y}{section.B.19}% 234
\BOOKMARK [2][-]{subsection.B.19.2}{\376\377\000i\000t\000e\000r\000a\000t\000i\000v\000e\000\137\000d\000e\000e\000p\000e\000n\000i\000n\000g\000.\000p\000y}{section.B.19}% 235
\BOOKMARK [2][-]{subsection.B.19.3}{\376\377\000m\000i\000n\000i\000m\000a\000x\000.\000p\000y}{section.B.19}% 236
\BOOKMARK [2][-]{subsection.B.19.4}{\376\377\000n\000e\000g\000a\000m\000a\000x\000.\000p\000y}{section.B.19}% 237
\BOOKMARK [2][-]{subsection.B.19.5}{\376\377\000s\000i\000m\000p\000l\000e\000.\000p\000y}{section.B.19}% 238
\BOOKMARK [2][-]{subsection.B.19.6}{\376\377\000t\000r\000a\000n\000s\000p\000o\000s\000i\000t\000i\000o\000n\000\137\000t\000a\000b\000l\000e\000.\000p\000y}{section.B.19}% 239
\BOOKMARK [2][-]{subsection.B.19.7}{\376\377\000\137\000\137\000i\000n\000i\000t\000\137\000\137\000.\000p\000y}{section.B.19}% 240
\BOOKMARK [1][-]{section.B.20}{\376\377\000d\000a\000t\000a\000\134\000s\000t\000a\000t\000e\000s\000\134\000g\000a\000m\000e\000\134\000m\000v\000c}{appendix.B}% 241
\BOOKMARK [2][-]{subsection.B.20.1}{\376\377\000g\000a\000m\000e\000\137\000c\000o\000n\000t\000r\000o\000l\000l\000e\000r\000.\000p\000y}{section.B.20}% 242
\BOOKMARK [2][-]{subsection.B.20.2}{\376\377\000g\000a\000m\000e\000\137\000m\000o\000d\000e\000l\000.\000p\000y}{section.B.20}% 243
\BOOKMARK [2][-]{subsection.B.20.3}{\376\377\000g\000a\000m\000e\000\137\000v\000i\000e\000w\000.\000p\000y}{section.B.20}% 244
\BOOKMARK [2][-]{subsection.B.20.4}{\376\377\000p\000a\000u\000s\000e\000\137\000v\000i\000e\000w\000.\000p\000y}{section.B.20}% 245
\BOOKMARK [2][-]{subsection.B.20.5}{\376\377\000w\000i\000n\000\137\000v\000i\000e\000w\000.\000p\000y}{section.B.20}% 246
\BOOKMARK [1][-]{section.B.21}{\376\377\000d\000a\000t\000a\000\134\000s\000t\000a\000t\000e\000s\000\134\000m\000e\000n\000u}{appendix.B}% 247
\BOOKMARK [2][-]{subsection.B.21.1}{\376\377\000m\000e\000n\000u\000.\000p\000y}{section.B.21}% 248
\BOOKMARK [2][-]{subsection.B.21.2}{\376\377\000w\000i\000d\000g\000e\000t\000\137\000d\000i\000c\000t\000.\000p\000y}{section.B.21}% 249
\BOOKMARK [1][-]{section.B.22}{\376\377\000d\000a\000t\000a\000\134\000s\000t\000a\000t\000e\000s\000\134\000r\000e\000v\000i\000e\000w}{appendix.B}% 250
\BOOKMARK [2][-]{subsection.B.22.1}{\376\377\000r\000e\000v\000i\000e\000w\000.\000p\000y}{section.B.22}% 251
\BOOKMARK [2][-]{subsection.B.22.2}{\376\377\000w\000i\000d\000g\000e\000t\000\137\000d\000i\000c\000t\000.\000p\000y}{section.B.22}% 252
\BOOKMARK [1][-]{section.B.23}{\376\377\000d\000a\000t\000a\000\134\000s\000t\000a\000t\000e\000s\000\134\000s\000e\000t\000t\000i\000n\000g\000s}{appendix.B}% 253
\BOOKMARK [2][-]{subsection.B.23.1}{\376\377\000s\000e\000t\000t\000i\000n\000g\000s\000.\000p\000y}{section.B.23}% 254
\BOOKMARK [2][-]{subsection.B.23.2}{\376\377\000w\000i\000d\000g\000e\000t\000\137\000d\000i\000c\000t\000.\000p\000y}{section.B.23}% 255
\BOOKMARK [1][-]{section.B.24}{\376\377\000d\000a\000t\000a\000\134\000u\000t\000i\000l\000s}{appendix.B}% 256
\BOOKMARK [2][-]{subsection.B.24.1}{\376\377\000a\000s\000s\000e\000t\000s\000.\000p\000y}{section.B.24}% 257
\BOOKMARK [2][-]{subsection.B.24.2}{\376\377\000c\000o\000n\000s\000t\000a\000n\000t\000s\000.\000p\000y}{section.B.24}% 258
\BOOKMARK [2][-]{subsection.B.24.3}{\376\377\000e\000n\000u\000m\000s\000.\000p\000y}{section.B.24}% 259
\BOOKMARK [2][-]{subsection.B.24.4}{\376\377\000e\000v\000e\000n\000t\000\137\000t\000y\000p\000e\000s\000.\000p\000y}{section.B.24}% 260
\BOOKMARK [1][-]{section.B.25}{\376\377\000d\000a\000t\000a\000\134\000w\000i\000d\000g\000e\000t\000s}{appendix.B}% 261
\BOOKMARK [2][-]{subsection.B.25.1}{\376\377\000b\000o\000a\000r\000d\000\137\000t\000h\000u\000m\000b\000n\000a\000i\000l\000.\000p\000y}{section.B.25}% 262
\BOOKMARK [2][-]{subsection.B.25.2}{\376\377\000b\000o\000a\000r\000d\000\137\000t\000h\000u\000m\000b\000n\000a\000i\000l\000\137\000b\000u\000t\000t\000o\000n\000.\000p\000y}{section.B.25}% 263
\BOOKMARK [2][-]{subsection.B.25.3}{\376\377\000b\000r\000o\000w\000s\000e\000r\000\137\000i\000t\000e\000m\000.\000p\000y}{section.B.25}% 264
\BOOKMARK [2][-]{subsection.B.25.4}{\376\377\000b\000r\000o\000w\000s\000e\000r\000\137\000s\000t\000r\000i\000p\000.\000p\000y}{section.B.25}% 265
\BOOKMARK [2][-]{subsection.B.25.5}{\376\377\000c\000a\000r\000o\000u\000s\000e\000l\000.\000p\000y}{section.B.25}% 266
\BOOKMARK [2][-]{subsection.B.25.6}{\376\377\000c\000h\000e\000s\000s\000b\000o\000a\000r\000d\000.\000p\000y}{section.B.25}% 267
\BOOKMARK [2][-]{subsection.B.25.7}{\376\377\000c\000o\000l\000o\000u\000r\000\137\000b\000u\000t\000t\000o\000n\000.\000p\000y}{section.B.25}% 268
\BOOKMARK [2][-]{subsection.B.25.8}{\376\377\000c\000o\000l\000o\000u\000r\000\137\000d\000i\000s\000p\000l\000a\000y\000.\000p\000y}{section.B.25}% 269
\BOOKMARK [2][-]{subsection.B.25.9}{\376\377\000c\000o\000l\000o\000u\000r\000\137\000p\000i\000c\000k\000e\000r\000.\000p\000y}{section.B.25}% 270
\BOOKMARK [2][-]{subsection.B.25.10}{\376\377\000c\000o\000l\000o\000u\000r\000\137\000s\000l\000i\000d\000e\000r\000.\000p\000y}{section.B.25}% 271
\BOOKMARK [2][-]{subsection.B.25.11}{\376\377\000c\000o\000l\000o\000u\000r\000\137\000s\000q\000u\000a\000r\000e\000.\000p\000y}{section.B.25}% 272
\BOOKMARK [2][-]{subsection.B.25.12}{\376\377\000d\000r\000o\000p\000d\000o\000w\000n\000.\000p\000y}{section.B.25}% 273
\BOOKMARK [2][-]{subsection.B.25.13}{\376\377\000i\000c\000o\000n\000.\000p\000y}{section.B.25}% 274
\BOOKMARK [2][-]{subsection.B.25.14}{\376\377\000i\000c\000o\000n\000\137\000b\000u\000t\000t\000o\000n\000.\000p\000y}{section.B.25}% 275
\BOOKMARK [2][-]{subsection.B.25.15}{\376\377\000m\000o\000v\000e\000\137\000l\000i\000s\000t\000.\000p\000y}{section.B.25}% 276
\BOOKMARK [2][-]{subsection.B.25.16}{\376\377\000m\000u\000l\000t\000i\000p\000l\000e\000\137\000i\000c\000o\000n\000\137\000b\000u\000t\000t\000o\000n\000.\000p\000y}{section.B.25}% 277
\BOOKMARK [2][-]{subsection.B.25.17}{\376\377\000p\000i\000e\000c\000e\000\137\000d\000i\000s\000p\000l\000a\000y\000.\000p\000y}{section.B.25}% 278
\BOOKMARK [2][-]{subsection.B.25.18}{\376\377\000r\000e\000a\000c\000t\000i\000v\000e\000\137\000b\000u\000t\000t\000o\000n\000.\000p\000y}{section.B.25}% 279
\BOOKMARK [2][-]{subsection.B.25.19}{\376\377\000r\000e\000a\000c\000t\000i\000v\000e\000\137\000i\000c\000o\000n\000\137\000b\000u\000t\000t\000o\000n\000.\000p\000y}{section.B.25}% 280
\BOOKMARK [2][-]{subsection.B.25.20}{\376\377\000r\000e\000c\000t\000a\000n\000g\000l\000e\000.\000p\000y}{section.B.25}% 281
\BOOKMARK [2][-]{subsection.B.25.21}{\376\377\000s\000c\000r\000o\000l\000l\000b\000a\000r\000.\000p\000y}{section.B.25}% 282
\BOOKMARK [2][-]{subsection.B.25.22}{\376\377\000s\000c\000r\000o\000l\000l\000\137\000a\000r\000e\000a\000.\000p\000y}{section.B.25}% 283
\BOOKMARK [2][-]{subsection.B.25.23}{\376\377\000s\000l\000i\000d\000e\000r\000\137\000t\000h\000u\000m\000b\000.\000p\000y}{section.B.25}% 284
\BOOKMARK [2][-]{subsection.B.25.24}{\376\377\000s\000w\000i\000t\000c\000h\000.\000p\000y}{section.B.25}% 285
\BOOKMARK [2][-]{subsection.B.25.25}{\376\377\000t\000e\000x\000t\000.\000p\000y}{section.B.25}% 286
\BOOKMARK [2][-]{subsection.B.25.26}{\376\377\000t\000e\000x\000t\000\137\000b\000u\000t\000t\000o\000n\000.\000p\000y}{section.B.25}% 287
\BOOKMARK [2][-]{subsection.B.25.27}{\376\377\000t\000e\000x\000t\000\137\000i\000n\000p\000u\000t\000.\000p\000y}{section.B.25}% 288
\BOOKMARK [2][-]{subsection.B.25.28}{\376\377\000t\000i\000m\000e\000r\000.\000p\000y}{section.B.25}% 289
\BOOKMARK [2][-]{subsection.B.25.29}{\376\377\000v\000o\000l\000u\000m\000e\000\137\000s\000l\000i\000d\000e\000r\000.\000p\000y}{section.B.25}% 290
\BOOKMARK [2][-]{subsection.B.25.30}{\376\377\000\137\000\137\000i\000n\000i\000t\000\137\000\137\000.\000p\000y}{section.B.25}% 291
\BOOKMARK [1][-]{section.B.26}{\376\377\000d\000a\000t\000a\000\134\000w\000i\000d\000g\000e\000t\000s\000\134\000b\000a\000s\000e\000s}{appendix.B}% 292
\BOOKMARK [2][-]{subsection.B.26.1}{\376\377\000b\000o\000x\000.\000p\000y}{section.B.26}% 293
\BOOKMARK [2][-]{subsection.B.26.2}{\376\377\000c\000i\000r\000c\000u\000l\000a\000r\000.\000p\000y}{section.B.26}% 294
\BOOKMARK [2][-]{subsection.B.26.3}{\376\377\000p\000r\000e\000s\000s\000a\000b\000l\000e\000.\000p\000y}{section.B.26}% 295
\BOOKMARK [2][-]{subsection.B.26.4}{\376\377\000w\000i\000d\000g\000e\000t\000.\000p\000y}{section.B.26}% 296
